11:11:03.217 [main] INFO  c.m.marathon.cli.ApplicationView - Starting marathon v0.10.4, CliConfiguration: MarathonRunCommandCliConfiguration(marathonfile=Marathonfile, analyticsTracking=true, bugsnagReporting=true)
11:11:03.219 [main] INFO  c.m.marathon.cli.ApplicationView - Checking Marathonfile config
11:11:03.817 [main] INFO  c.m.m.e.NoopExceptionsReporter - Noop exceptions reporter started
I 11:11:04.202 [main @coroutine#2] <com.malinskiy.marathon.Marathon> System Information:
I 11:11:04.203 [main @coroutine#2] <com.malinskiy.marathon.Marathon> java.specification.version: 23
I 11:11:04.203 [main @coroutine#2] <com.malinskiy.marathon.Marathon> java.class.path: /opt/homebrew/Cellar/marathon/0.10.4/libexec/lib/cli-0.10.4.jar:/opt/homebrew/Cellar/marathon/0.10.4/libexec/lib/vendor-android-0.10.4.jar:/opt/homebrew/Cellar/marathon/0.10.4/libexec/lib/ios-0.10.4.jar:/opt/homebrew/Cellar/marathon/0.10.4/libexec/lib/macos-0.10.4.jar:/opt/homebrew/Cellar/marathon/0.10.4/libexec/lib/base-0.10.4.jar:/opt/homebrew/Cellar/marathon/0.10.4/libexec/lib/core-0.10.4.jar:/opt/homebrew/Cellar/marathon/0.10.4/libexec/lib/usage-0.10.4.jar:/opt/homebrew/Cellar/marathon/0.10.4/libexec/lib/configuration-0.10.4.jar:/opt/homebrew/Cellar/marathon/0.10.4/libexec/lib/html-report-0.10.4.jar:/opt/homebrew/Cellar/marathon/0.10.4/libexec/lib/execution-timeline-0.10.4.jar:/opt/homebrew/Cellar/marathon/0.10.4/libexec/lib/common-31.6.1.jar:/opt/homebrew/Cellar/marathon/0.10.4/libexec/lib/adam-0.5.8.jar:/opt/homebrew/Cellar/marathon/0.10.4/libexec/lib/influxdb-java-2.24.jar:/opt/homebrew/Cellar/marathon/0.10.4/libexec/lib/influxdb-client-java-7.2.0.jar:/opt/homebrew/Cellar/marathon/0.10.4/libexec/lib/influxdb-client-core-7.2.0.jar:/opt/homebrew/Cellar/marathon/0.10.4/libexec/lib/logging-interceptor-4.12.0.jar:/opt/homebrew/Cellar/marathon/0.10.4/libexec/lib/converter-moshi-2.9.0.jar:/opt/homebrew/Cellar/marathon/0.10.4/libexec/lib/converter-scalars-2.11.0.jar:/opt/homebrew/Cellar/marathon/0.10.4/libexec/lib/converter-gson-2.11.0.jar:/opt/homebrew/Cellar/marathon/0.10.4/libexec/lib/retrofit-2.11.0.jar:/opt/homebrew/Cellar/marathon/0.10.4/libexec/lib/okhttp-4.12.0.jar:/opt/homebrew/Cellar/marathon/0.10.4/libexec/lib/allure-kotlin-commons-2.4.0.jar:/opt/homebrew/Cellar/marathon/0.10.4/libexec/lib/bugsnag-3.7.2.jar:/opt/homebrew/Cellar/marathon/0.10.4/libexec/lib/jackson-dataformat-yaml-2.17.2.jar:/opt/homebrew/Cellar/marathon/0.10.4/libexec/lib/jackson-datatype-jsr310-2.17.2.jar:/opt/homebrew/Cellar/marathon/0.10.4/libexec/lib/jackson-databind-2.17.2.jar:/opt/homebrew/Cellar/marathon/0.10.4/libexec/lib/jackson-annotations-2.17.2.jar:/opt/homebrew/Cellar/marathon/0.10.4/libexec/lib/vertx-lang-kotlin-4.4.6.jar:/opt/homebrew/Cellar/marathon/0.10.4/libexec/lib/vertx-lang-kotlin-coroutines-4.4.6.jar:/opt/homebrew/Cellar/marathon/0.10.4/libexec/lib/vertx-core-4.4.6.jar:/opt/homebrew/Cellar/marathon/0.10.4/libexec/lib/jackson-core-2.17.2.jar:/opt/homebrew/Cellar/marathon/0.10.4/libexec/lib/jackson-module-kotlin-2.17.2.jar:/opt/homebrew/Cellar/marathon/0.10.4/libexec/lib/kotlin-reflect-1.9.24.jar:/opt/homebrew/Cellar/marathon/0.10.4/libexec/lib/parser-2.3.4.jar:/opt/homebrew/Cellar/marathon/0.10.4/libexec/lib/ktor-network-jvm-2.3.6.jar:/opt/homebrew/Cellar/marathon/0.10.4/libexec/lib/ktor-utils-jvm-2.3.6.jar:/opt/homebrew/Cellar/marathon/0.10.4/libexec/lib/ktor-io-jvm-2.3.6.jar:/opt/homebrew/Cellar/marathon/0.10.4/libexec/lib/kotlin-stdlib-jdk7-1.9.24.jar:/opt/homebrew/Cellar/marathon/0.10.4/libexec/lib/kotlinx-coroutines-jdk8-1.8.1.jar:/opt/homebrew/Cellar/marathon/0.10.4/libexec/lib/grpc-kotlin-stub-1.4.0.jar:/opt/homebrew/Cellar/marathon/0.10.4/libexec/lib/kotlinx-coroutines-core-jvm-1.8.1.jar:/opt/homebrew/Cellar/marathon/0.10.4/libexec/lib/clikt-mordant-jvm.jar:/opt/homebrew/Cellar/marathon/0.10.4/libexec/lib/koin-core-jvm-3.5.6.jar:/opt/homebrew/Cellar/marathon/0.10.4/libexec/lib/allure-kotlin-model-2.4.0.jar:/opt/homebrew/Cellar/marathon/0.10.4/libexec/lib/kotlinx-serialization-json-jvm-1.2.1.jar:/opt/homebrew/Cellar/marathon/0.10.4/libexec/lib/stately-concurrent-collections-jvm-2.0.6.jar:/opt/homebrew/Cellar/marathon/0.10.4/libexec/lib/stately-concurrency-jvm-2.0.6.jar:/opt/homebrew/Cellar/marathon/0.10.4/libexec/lib/kotlinx-serialization-core-jvm-1.2.1.jar:/opt/homebrew/Cellar/marathon/0.10.4/libexec/lib/stately-strict-jvm-2.0.6.jar:/opt/homebrew/Cellar/marathon/0.10.4/libexec/lib/clikt-jvm.jar:/opt/homebrew/Cellar/marathon/0.10.4/libexec/lib/mordant-omnibus-jvm.jar:/opt/homebrew/Cellar/marathon/0.10.4/libexec/lib/grpc-okhttp-1.59.0.jar:/opt/homebrew/Cellar/marathon/0.10.4/libexec/lib/okio-jvm-3.9.0.jar:/opt/homebrew/Cellar/marathon/0.10.4/libexec/lib/mordant-jvm-jna-jvm.jar:/opt/homebrew/Cellar/marathon/0.10.4/libexec/lib/mordant-jvm-ffm-jvm.jar:/opt/homebrew/Cellar/marathon/0.10.4/libexec/lib/mordant-jvm-graal-ffi-jvm.jar:/opt/homebrew/Cellar/marathon/0.10.4/libexec/lib/mordant-jvm.jar:/opt/homebrew/Cellar/marathon/0.10.4/libexec/lib/colormath-jvm.jar:/opt/homebrew/Cellar/marathon/0.10.4/libexec/lib/kotlin-stdlib-1.9.24.jar:/opt/homebrew/Cellar/marathon/0.10.4/libexec/lib/kotlin-logging-jvm-3.0.5.jar:/opt/homebrew/Cellar/marathon/0.10.4/libexec/lib/kotlin-stdlib-jdk8-1.9.24.jar:/opt/homebrew/Cellar/marathon/0.10.4/libexec/lib/logback-classic-1.5.8.jar:/opt/homebrew/Cellar/marathon/0.10.4/libexec/lib/allure-test-filter-2.29.0.jar:/opt/homebrew/Cellar/marathon/0.10.4/libexec/lib/allure-environment-writer-1.0.0.jar:/opt/homebrew/Cellar/marathon/0.10.4/libexec/lib/allure-testng-2.8.1.jar:/opt/homebrew/Cellar/marathon/0.10.4/libexec/lib/allure-descriptions-javadoc-2.8.1.jar:/opt/homebrew/Cellar/marathon/0.10.4/libexec/lib/allure-java-commons-2.29.0.jar:/opt/homebrew/Cellar/marathon/0.10.4/libexec/lib/grpc-util-1.59.0.jar:/opt/homebrew/Cellar/marathon/0.10.4/libexec/lib/grpc-core-1.59.0.jar:/opt/homebrew/Cellar/marathon/0.10.4/libexec/lib/gson-2.11.0.jar:/opt/homebrew/Cellar/marathon/0.10.4/libexec/lib/commons-csv-1.11.0.jar:/opt/homebrew/Cellar/marathon/0.10.4/libexec/lib/rsync4j-all-3.3.0-1.jar:/opt/homebrew/Cellar/marathon/0.10.4/libexec/lib/rsync4j-windows64-3.3.0-1.jar:/opt/homebrew/Cellar/marathon/0.10.4/libexec/lib/rsync4j-core-3.3.0-1.jar:/opt/homebrew/Cellar/marathon/0.10.4/libexec/lib/commons-io-2.17.0.jar:/opt/homebrew/Cellar/marathon/0.10.4/libexec/lib/imgscalr-lib-4.2.jar:/opt/homebrew/Cellar/marathon/0.10.4/libexec/lib/axmlparser-1.0.jar:/opt/homebrew/Cellar/marathon/0.10.4/libexec/lib/android-testrunner-contract-0.5.8.jar:/opt/homebrew/Cellar/marathon/0.10.4/libexec/lib/logback-core-1.5.8.jar:/opt/homebrew/Cellar/marathon/0.10.4/libexec/lib/sshj-0.39.0.jar:/opt/homebrew/Cellar/marathon/0.10.4/libexec/lib/asn-one-0.6.0.jar:/opt/homebrew/Cellar/marathon/0.10.4/libexec/lib/slf4j-api-2.0.15.jar:/opt/homebrew/Cellar/marathon/0.10.4/libexec/lib/commons-text-1.12.0.jar:/opt/homebrew/Cellar/marathon/0.10.4/libexec/lib/allure-model-2.29.0.jar:/opt/homebrew/Cellar/marathon/0.10.4/libexec/lib/testng-6.14.3.jar:/opt/homebrew/Cellar/marathon/0.10.4/libexec/lib/grpc-protobuf-lite-1.59.0.jar:/opt/homebrew/Cellar/marathon/0.10.4/libexec/lib/grpc-stub-1.59.0.jar:/opt/homebrew/Cellar/marathon/0.10.4/libexec/lib/grpc-context-1.59.0.jar:/opt/homebrew/Cellar/marathon/0.10.4/libexec/lib/grpc-api-1.59.0.jar:/opt/homebrew/Cellar/marathon/0.10.4/libexec/lib/guava-33.3.0-jre.jar:/opt/homebrew/Cellar/marathon/0.10.4/libexec/lib/error_prone_annotations-2.28.0.jar:/opt/homebrew/Cellar/marathon/0.10.4/libexec/lib/msgpack-core-0.9.6.jar:/opt/homebrew/Cellar/marathon/0.10.4/libexec/lib/rxjava-3.1.8.jar:/opt/homebrew/Cellar/marathon/0.10.4/libexec/lib/adapter-rxjava3-2.11.0.jar:/opt/homebrew/Cellar/marathon/0.10.4/libexec/lib/influxdb-client-utils-7.2.0.jar:/opt/homebrew/Cellar/marathon/0.10.4/libexec/lib/jsr305-3.0.2.jar:/opt/homebrew/Cellar/marathon/0.10.4/libexec/lib/dd-plist-1.28.jar:/opt/homebrew/Cellar/marathon/0.10.4/libexec/lib/jansi-2.4.1.jar:/opt/homebrew/Cellar/marathon/0.10.4/libexec/lib/kotlin-process-1.5.jar:/opt/homebrew/Cellar/marathon/0.10.4/libexec/lib/commons-lang3-3.14.0.jar:/opt/homebrew/Cellar/marathon/0.10.4/libexec/lib/annotations-31.6.1.jar:/opt/homebrew/Cellar/marathon/0.10.4/libexec/lib/jna-platform-5.6.0.jar:/opt/homebrew/Cellar/marathon/0.10.4/libexec/lib/annotations-24.0.1.jar:/opt/homebrew/Cellar/marathon/0.10.4/libexec/lib/javax.annotation-api-1.3.2.jar:/opt/homebrew/Cellar/marathon/0.10.4/libexec/lib/commons-pool2-2.11.1.jar:/opt/homebrew/Cellar/marathon/0.10.4/libexec/lib/protobuf-javalite-3.25.0.jar:/opt/homebrew/Cellar/marathon/0.10.4/libexec/lib/snakeyaml-2.2.jar:/opt/homebrew/Cellar/marathon/0.10.4/libexec/lib/jcommander-1.72.jar:/opt/homebrew/Cellar/marathon/0.10.4/libexec/lib/bsh-2.0b6.jar:/opt/homebrew/Cellar/marathon/0.10.4/libexec/lib/moshi-1.8.0.jar:/opt/homebrew/Cellar/marathon/0.10.4/libexec/lib/reactive-streams-1.0.4.jar:/opt/homebrew/Cellar/marathon/0.10.4/libexec/lib/failureaccess-1.0.2.jar:/opt/homebrew/Cellar/marathon/0.10.4/libexec/lib/listenablefuture-9999.0-empty-to-avoid-conflict-with-guava.jar:/opt/homebrew/Cellar/marathon/0.10.4/libexec/lib/checker-qual-3.43.0.jar:/opt/homebrew/Cellar/marathon/0.10.4/libexec/lib/bcpkix-jdk18on-1.78.1.jar:/opt/homebrew/Cellar/marathon/0.10.4/libexec/lib/bcutil-jdk18on-1.78.1.jar:/opt/homebrew/Cellar/marathon/0.10.4/libexec/lib/bcprov-jdk18on-1.78.1.jar:/opt/homebrew/Cellar/marathon/0.10.4/libexec/lib/eddsa-0.3.0.jar:/opt/homebrew/Cellar/marathon/0.10.4/libexec/lib/jna-5.14.0.jar:/opt/homebrew/Cellar/marathon/0.10.4/libexec/lib/netty-handler-proxy-4.1.100.Final.jar:/opt/homebrew/Cellar/marathon/0.10.4/libexec/lib/netty-codec-http2-4.1.100.Final.jar:/opt/homebrew/Cellar/marathon/0.10.4/libexec/lib/netty-codec-http-4.1.100.Final.jar:/opt/homebrew/Cellar/marathon/0.10.4/libexec/lib/netty-resolver-dns-4.1.100.Final.jar:/opt/homebrew/Cellar/marathon/0.10.4/libexec/lib/netty-handler-4.1.100.Final.jar:/opt/homebrew/Cellar/marathon/0.10.4/libexec/lib/netty-transport-native-unix-common-4.1.100.Final.jar:/opt/homebrew/Cellar/marathon/0.10.4/libexec/lib/netty-codec-socks-4.1.100.Final.jar:/opt/homebrew/Cellar/marathon/0.10.4/libexec/lib/netty-codec-dns-4.1.100.Final.jar:/opt/homebrew/Cellar/marathon/0.10.4/libexec/lib/netty-codec-4.1.100.Final.jar:/opt/homebrew/Cellar/marathon/0.10.4/libexec/lib/netty-transport-4.1.100.Final.jar:/opt/homebrew/Cellar/marathon/0.10.4/libexec/lib/netty-buffer-4.1.100.Final.jar:/opt/homebrew/Cellar/marathon/0.10.4/libexec/lib/netty-resolver-4.1.100.Final.jar:/opt/homebrew/Cellar/marathon/0.10.4/libexec/lib/netty-common-4.1.100.Final.jar:/opt/homebrew/Cellar/marathon/0.10.4/libexec/lib/perfmark-api-0.26.0.jar:/opt/homebrew/Cellar/marathon/0.10.4/libexec/lib/commons-codec-1.16.1.jar:/opt/homebrew/Cellar/marathon/0.10.4/libexec/lib/commons-lang-2.6.jar:/opt/homebrew/Cellar/marathon/0.10.4/libexec/lib/argparse4j-0.9.0.jar:/opt/homebrew/Cellar/marathon/0.10.4/libexec/lib/processoutput4j-0.0.12.jar:/opt/homebrew/Cellar/marathon/0.10.4/libexec/lib/annotations-4.1.1.4.jar:/opt/homebrew/Cellar/marathon/0.10.4/libexec/lib/animal-sniffer-annotations-1.23.jar
I 11:11:04.204 [main @coroutine#2] <com.malinskiy.marathon.Marathon> java.vm.vendor: Homebrew
I 11:11:04.204 [main @coroutine#2] <com.malinskiy.marathon.Marathon> java.vendor.url: https://github.com/Homebrew/homebrew-core/issues
I 11:11:04.204 [main @coroutine#2] <com.malinskiy.marathon.Marathon> java.vm.specification.version: 23
I 11:11:04.204 [main @coroutine#2] <com.malinskiy.marathon.Marathon> os.name: Mac OS X
I 11:11:04.204 [main @coroutine#2] <com.malinskiy.marathon.Marathon> java.specification.vendor: Oracle Corporation
I 11:11:04.204 [main @coroutine#2] <com.malinskiy.marathon.Marathon> java.version.date: 2025-01-21
I 11:11:04.204 [main @coroutine#2] <com.malinskiy.marathon.Marathon> java.home: /opt/homebrew/Cellar/openjdk/23.0.2/libexec/openjdk.jdk/Contents/Home
I 11:11:04.204 [main @coroutine#2] <com.malinskiy.marathon.Marathon> java.vm.compressedOopsMode: Zero based
I 11:11:04.204 [main @coroutine#2] <com.malinskiy.marathon.Marathon> java.vm.specification.vendor: Oracle Corporation
I 11:11:04.204 [main @coroutine#2] <com.malinskiy.marathon.Marathon> java.specification.name: Java Platform API Specification
I 11:11:04.205 [main @coroutine#2] <com.malinskiy.marathon.Marathon> java.runtime.version: 23.0.2
I 11:11:04.205 [main @coroutine#2] <com.malinskiy.marathon.Marathon> os.version: 15.6.1
I 11:11:04.205 [main @coroutine#2] <com.malinskiy.marathon.Marathon> java.runtime.name: OpenJDK Runtime Environment
I 11:11:04.205 [main @coroutine#2] <com.malinskiy.marathon.Marathon> java.vm.name: OpenJDK 64-Bit Server VM
I 11:11:04.205 [main @coroutine#2] <com.malinskiy.marathon.Marathon> java.vendor.version: Homebrew
I 11:11:04.205 [main @coroutine#2] <com.malinskiy.marathon.Marathon> java.vendor.url.bug: https://github.com/Homebrew/homebrew-core/issues
I 11:11:04.205 [main @coroutine#2] <com.malinskiy.marathon.Marathon> java.io.tmpdir: /var/folders/jm/lpyqxdnd7_3bw76w17kd_0x80000gn/T/
I 11:11:04.205 [main @coroutine#2] <com.malinskiy.marathon.Marathon> java.version: 23.0.2
I 11:11:04.205 [main @coroutine#2] <com.malinskiy.marathon.Marathon> os.arch: aarch64
I 11:11:04.205 [main @coroutine#2] <com.malinskiy.marathon.Marathon> java.vm.specification.name: Java Virtual Machine Specification
I 11:11:04.205 [main @coroutine#2] <com.malinskiy.marathon.Marathon> java.library.path: /Users/osekine/Library/Java/Extensions:/Library/Java/Extensions:/Network/Library/Java/Extensions:/System/Library/Java/Extensions:/usr/lib/java:.
I 11:11:04.205 [main @coroutine#2] <com.malinskiy.marathon.Marathon> java.vm.info: mixed mode, sharing
I 11:11:04.205 [main @coroutine#2] <com.malinskiy.marathon.Marathon> java.vendor: Homebrew
I 11:11:04.205 [main @coroutine#2] <com.malinskiy.marathon.Marathon> java.vm.version: 23.0.2
I 11:11:04.205 [main @coroutine#2] <com.malinskiy.marathon.Marathon> java.class.version: 67.0
D 11:11:04.208 [main @coroutine#2] <AppleSimulatorProvider> Initializing AppleSimulatorProvider
D 11:11:04.208 [main @coroutine#2] <AppleSimulatorProvider> Using static device provider
D 11:11:04.228 [AppleDeviceProvider-1 @coroutine#3] <AppleSimulatorProvider> Processing updates from com.malinskiy.marathon.apple.configuration.Transport$Local@4766a71a:
- Connected(target=SimulatorProfile(deviceTypeId=com.apple.CoreSimulator.SimDeviceType.iPhone-16, runtimeId=null, newNamePrefix=marathon))
D 11:11:06.067 [AppleDeviceProvider-2 @coroutine#4] <c.m.m.apple.device.ConnectionFactory> Disposing of command executor for KotlinProcessHost(id=local, charset=UTF-8)
D 11:11:06.068 [AppleDeviceProvider-5 @coroutine#3] <AppleSimulatorProvider> Providing 1 devices
D 11:11:06.082 [main @coroutine#2] <c.m.m.apple.AppleApplicationInstaller> Moving xctest runner application to BCE1DF2D-4C6B-468E-9AC6-0F143386FCDE@local
D 11:11:06.437 [main @coroutine#2] <c.m.m.apple.ios.AppleSimulatorDevice> Transferred RunnerUITests-Runner.app with 35 dirs and 80 files to/from BCE1DF2D-4C6B-468E-9AC6-0F143386FCDE@local. 550894,26 KB/s (182346987 bytes in 0,3310)
D 11:11:06.438 [main @coroutine#2] <c.m.m.apple.AppleApplicationInstaller> Generating test root for BCE1DF2D-4C6B-468E-9AC6-0F143386FCDE@local
D 11:11:06.903 [main @coroutine#2] <c.m.m.apple.ios.AppleSimulatorDevice> Transferred Runner.app with 38 dirs and 126 files to/from BCE1DF2D-4C6B-468E-9AC6-0F143386FCDE@local. 524373,10 KB/s (206603856 bytes in 0,3940)
D 11:11:06.920 [main @coroutine#2] <c.m.m.apple.ios.AppleSimulatorDevice> Transferred BCE1DF2D-4C6B-468E-9AC6-0F143386FCDE17493988037823114737xctestrun to/from BCE1DF2D-4C6B-468E-9AC6-0F143386FCDE@local. 2000,00 KB/s (2355 bytes in 0,0010)
D 11:11:06.923 [main @coroutine#2] <c.m.m.apple.ios.AppleSimulatorDevice> Transferred 14400363646093038886.tmp to/from BCE1DF2D-4C6B-468E-9AC6-0F143386FCDE@local. 126000,00 KB/s (126214 bytes in 0,0010)
D 11:11:06.923 [main @coroutine#2] <XCTestParser> Remote xctestrun = /tmp/marathon/BCE1DF2D-4C6B-468E-9AC6-0F143386FCDE/marathon.xctestrun
D 11:11:06.925 [AppleSimulatorDevice - execution - local-7 @coroutine#168] <c.m.m.a.bin.xcrun.xcodebuild.Xcodebuild> Running xcrun xcodebuild test-without-building -xctestrun /tmp/marathon/BCE1DF2D-4C6B-468E-9AC6-0F143386FCDE/marathon.xctestrun -enableCodeCoverage NO -destination-timeout 30 -destination 'platform=iOS Simulator,id=BCE1DF2D-4C6B-468E-9AC6-0F143386FCDE'
D 11:11:22.120 [DefaultDispatcher-worker-7 @coroutine#172] <TestRunProgressParser> Test .RunnerUITests.example0_test_counter_state_is_the_same_after_going_to_home_and_switching_apps finished with result <passed> after 0.204 seconds
D 11:11:22.122 [DefaultDispatcher-worker-7 @coroutine#172] <TestRunProgressParser> Test .RunnerUITests.example1_test_counter_state_is_the_same_after_going_to_home_and_switching_apps finished with result <passed> after 0.0 seconds
D 11:11:22.122 [DefaultDispatcher-worker-7 @coroutine#172] <TestRunProgressParser> Test .RunnerUITests.example2_test_counter_state_is_the_same_after_going_to_home_and_switching_apps finished with result <passed> after 0.0 seconds
D 11:11:22.123 [DefaultDispatcher-worker-6 @coroutine#172] <TestRunProgressParser> Test .RunnerUITests.example_test_counter_state_is_the_same_after_going_to_home_and_switching_apps finished with result <passed> after 0.0 seconds
E 11:11:22.452 [DefaultDispatcher-worker-7 @coroutine#175] <c.m.m.apple.ios.AppleSimulatorDevice> simulator BCE1DF2D-4C6B-468E-9AC6-0F143386FCDE: stderr=--- xcodebuild: WARNING: Using the first of multiple matching destinations:
E 11:11:22.452 [DefaultDispatcher-worker-7 @coroutine#175] <c.m.m.apple.ios.AppleSimulatorDevice> simulator BCE1DF2D-4C6B-468E-9AC6-0F143386FCDE: stderr={ platform:iOS Simulator, id:BCE1DF2D-4C6B-468E-9AC6-0F143386FCDE, OS:18.3.1, name:iPhone 16 }
E 11:11:22.452 [DefaultDispatcher-worker-7 @coroutine#175] <c.m.m.apple.ios.AppleSimulatorDevice> simulator BCE1DF2D-4C6B-468E-9AC6-0F143386FCDE: stderr={ platform:iOS Simulator, id:BCE1DF2D-4C6B-468E-9AC6-0F143386FCDE, OS:18.3.1, name:iPhone 16 }
E 11:11:22.452 [DefaultDispatcher-worker-7 @coroutine#175] <c.m.m.apple.ios.AppleSimulatorDevice> simulator BCE1DF2D-4C6B-468E-9AC6-0F143386FCDE: stderr=2025-10-31 11:11:22.395 xcodebuild[96668:9931163] [MT] IDETestOperationsObserverDebug: 13.916 elapsed -- Testing started completed.
E 11:11:22.452 [DefaultDispatcher-worker-7 @coroutine#175] <c.m.m.apple.ios.AppleSimulatorDevice> simulator BCE1DF2D-4C6B-468E-9AC6-0F143386FCDE: stderr=2025-10-31 11:11:22.395 xcodebuild[96668:9931163] [MT] IDETestOperationsObserverDebug: 0.000 sec, +0.000 sec -- start
E 11:11:22.452 [DefaultDispatcher-worker-7 @coroutine#175] <c.m.m.apple.ios.AppleSimulatorDevice> simulator BCE1DF2D-4C6B-468E-9AC6-0F143386FCDE: stderr=2025-10-31 11:11:22.395 xcodebuild[96668:9931163] [MT] IDETestOperationsObserverDebug: 13.916 sec, +13.916 sec -- end
D 11:11:22.452 [DefaultDispatcher-worker-7 @coroutine#168] <c.m.m.apple.ios.AppleSimulatorDevice> Finished test batch execution with exit status 0
D 11:11:22.452 [main @coroutine#2] <XCTestParser> Execution finished
D 11:11:22.455 [main @coroutine#2] <com.malinskiy.marathon.Marathon> Parsing took 18546 ms
I 11:11:22.457 [main @coroutine#2] <com.malinskiy.marathon.Marathon> Scheduling 4 tests
D 11:11:22.457 [main @coroutine#2] <com.malinskiy.marathon.Marathon> RunnerUITests.RunnerUITests#example0_test_counter_state_is_the_same_after_going_to_home_and_switching_apps, RunnerUITests.RunnerUITests#example1_test_counter_state_is_the_same_after_going_to_home_and_switching_apps, RunnerUITests.RunnerUITests#example2_test_counter_state_is_the_same_after_going_to_home_and_switching_apps, RunnerUITests.RunnerUITests#example_test_counter_state_is_the_same_after_going_to_home_and_switching_apps
I 11:11:22.459 [main @coroutine#2] <com.malinskiy.marathon.Marathon> Output /Users/osekine/Projects/trying_patrol_marathon_ios/marathon already exists
D 11:11:22.476 [main @coroutine#177] <Scheduler> device BCE1DF2D-4C6B-468E-9AC6-0F143386FCDE@local associated with poolId omni
D 11:11:22.483 [main @coroutine#177] <Scheduler> pool actor omni is being created
D 11:11:22.487 [main @coroutine#178] <DevicePoolActor[omni]> add device BCE1DF2D-4C6B-468E-9AC6-0F143386FCDE@local
D 11:11:22.491 [main @coroutine#180] <DevicePool[omni]_DeviceActor[BCE1DF2D-4C6B-468E-9AC6-0F143386FCDE@local]> initialize BCE1DF2D-4C6B-468E-9AC6-0F143386FCDE@local
D 11:11:22.536 [AppleSimulatorDevice - execution - local-2 @prepare BCE1DF2D-4C6B-468E-9AC6-0F143386FCDE@local#211] <c.m.m.apple.AppleApplicationInstaller> Moving xctest runner application to BCE1DF2D-4C6B-468E-9AC6-0F143386FCDE@local
D 11:11:22.548 [AppleSimulatorDevice - execution - local-5 @prepare BCE1DF2D-4C6B-468E-9AC6-0F143386FCDE@local#212] <c.m.m.apple.ios.AppleSimulatorDevice> Disabled hardware keyboard for BCE1DF2D-4C6B-468E-9AC6-0F143386FCDE
D 11:11:22.836 [AppleSimulatorDevice - execution - local-1 @prepare BCE1DF2D-4C6B-468E-9AC6-0F143386FCDE@local#211] <c.m.m.apple.ios.AppleSimulatorDevice> Transferred RunnerUITests-Runner.app with 35 dirs and 80 files to/from BCE1DF2D-4C6B-468E-9AC6-0F143386FCDE@local. 630955,02 KB/s (182346987 bytes in 0,2890)
D 11:11:22.837 [AppleSimulatorDevice - execution - local-1 @prepare BCE1DF2D-4C6B-468E-9AC6-0F143386FCDE@local#211] <c.m.m.apple.AppleApplicationInstaller> Generating test root for BCE1DF2D-4C6B-468E-9AC6-0F143386FCDE@local
D 11:11:23.256 [AppleSimulatorDevice - execution - local-3 @prepare BCE1DF2D-4C6B-468E-9AC6-0F143386FCDE@local#211] <c.m.m.apple.ios.AppleSimulatorDevice> Transferred Runner.app with 38 dirs and 126 files to/from BCE1DF2D-4C6B-468E-9AC6-0F143386FCDE@local. 567590,66 KB/s (206603856 bytes in 0,3640)
D 11:11:23.813 [main @coroutine#179] <QueueActor[DevicePoolId(name=omni)]> request next batch for device BCE1DF2D-4C6B-468E-9AC6-0F143386FCDE@local
D 11:11:23.814 [main @coroutine#179] <QueueActor[DevicePoolId(name=omni)]> sending next batch for device BCE1DF2D-4C6B-468E-9AC6-0F143386FCDE@local
D 11:11:23.816 [main @coroutine#180] <DevicePool[omni]_DeviceActor[BCE1DF2D-4C6B-468E-9AC6-0F143386FCDE@local]> executeBatch BCE1DF2D-4C6B-468E-9AC6-0F143386FCDE@local
D 11:11:23.822 [AppleSimulatorDevice - execution - local-2 @execute BCE1DF2D-4C6B-468E-9AC6-0F143386FCDE@local#313] <c.m.marathon.apple.AppleDeviceTestRunner> Remote xctestrun = /tmp/marathon/BCE1DF2D-4C6B-468E-9AC6-0F143386FCDE/marathon.xctestrun
D 11:11:23.823 [AppleSimulatorDevice - execution - local-2 @execute BCE1DF2D-4C6B-468E-9AC6-0F143386FCDE@local#313] <c.m.marathon.apple.AppleDeviceTestRunner> Tests = [Test(pkg=RunnerUITests, clazz=RunnerUITests, method=example0_test_counter_state_is_the_same_after_going_to_home_and_switching_apps, metaProperties=[])]
D 11:11:24.186 [AppleSimulatorDevice - execution - local-1 @coroutine#342] <c.m.m.a.bin.xcrun.xcodebuild.Xcodebuild> Running xcrun xcodebuild test-without-building -xctestrun /tmp/marathon/BCE1DF2D-4C6B-468E-9AC6-0F143386FCDE/marathon.xctestrun '-only-testing:RunnerUITests/RunnerUITests/example0_test_counter_state_is_the_same_after_going_to_home_and_switching_apps' -enableCodeCoverage NO -resultBundlePath /tmp/marathon/BCE1DF2D-4C6B-468E-9AC6-0F143386FCDE/BCE1DF2D-4C6B-468E-9AC6-0F143386FCDE.bae1c817-d158-4df1-94f1-8c34fed9754d.xcresult -destination-timeout 30 -destination 'platform=iOS Simulator,id=BCE1DF2D-4C6B-468E-9AC6-0F143386FCDE'
D 11:11:24.746 [DefaultDispatcher-worker-15 @coroutine#346] <DebugLogPrinter> Command line invocation:
D 11:11:24.747 [DefaultDispatcher-worker-15 @coroutine#346] <DebugLogPrinter>     /Applications/Xcode.app/Contents/Developer/usr/bin/xcodebuild test-without-building -xctestrun /tmp/marathon/BCE1DF2D-4C6B-468E-9AC6-0F143386FCDE/marathon.xctestrun "-only-testing:RunnerUITests/RunnerUITests/example0_test_counter_state_is_the_same_after_going_to_home_and_switching_apps" -enableCodeCoverage NO -resultBundlePath /tmp/marathon/BCE1DF2D-4C6B-468E-9AC6-0F143386FCDE/BCE1DF2D-4C6B-468E-9AC6-0F143386FCDE.bae1c817-d158-4df1-94f1-8c34fed9754d.xcresult -destination-timeout 30 -destination "platform=iOS Simulator,id=BCE1DF2D-4C6B-468E-9AC6-0F143386FCDE"
D 11:11:24.747 [DefaultDispatcher-worker-15 @coroutine#346] <DebugLogPrinter> 
D 11:11:24.747 [DefaultDispatcher-worker-15 @coroutine#346] <DebugLogPrinter> User defaults from command line:
D 11:11:24.747 [DefaultDispatcher-worker-15 @coroutine#346] <DebugLogPrinter>     IDEBuildOperationResultBundlePath = /tmp/marathon/BCE1DF2D-4C6B-468E-9AC6-0F143386FCDE/BCE1DF2D-4C6B-468E-9AC6-0F143386FCDE.bae1c817-d158-4df1-94f1-8c34fed9754d.xcresult
D 11:11:24.747 [DefaultDispatcher-worker-15 @coroutine#346] <DebugLogPrinter>     IDEPackageSupportUseBuiltinSCM = YES
D 11:11:24.747 [DefaultDispatcher-worker-15 @coroutine#346] <DebugLogPrinter> 
D 11:11:24.851 [DefaultDispatcher-worker-4 @coroutine#346] <DebugLogPrinter> Writing result bundle at path:
D 11:11:24.851 [DefaultDispatcher-worker-4 @coroutine#346] <DebugLogPrinter> 	/tmp/marathon/BCE1DF2D-4C6B-468E-9AC6-0F143386FCDE/BCE1DF2D-4C6B-468E-9AC6-0F143386FCDE.bae1c817-d158-4df1-94f1-8c34fed9754d.xcresult
D 11:11:24.851 [DefaultDispatcher-worker-4 @coroutine#346] <DebugLogPrinter> 
D 11:11:24.937 [DefaultDispatcher-worker-5 @coroutine#346] <DebugLogPrinter> Testing started
D 11:11:26.863 [DefaultDispatcher-worker-5 @coroutine#346] <DebugLogPrinter> 2025-10-31 11:11:26.862 RunnerUITests-Runner[96761:9932643] Running tests without clearing permissions
D 11:11:26.863 [DefaultDispatcher-worker-5 @coroutine#346] <DebugLogPrinter> 2025-10-31 11:11:26.862 RunnerUITests-Runner[96761:9932643] PatrolServer: INFO: PATROL_TEST_PORT is null, falling back to default (8081)
D 11:11:26.863 [DefaultDispatcher-worker-5 @coroutine#346] <DebugLogPrinter> 2025-10-31 11:11:26.862 RunnerUITests-Runner[96761:9932643] PatrolServer: INFO: PatrolServer constructor called
D 11:11:26.863 [DefaultDispatcher-worker-5 @coroutine#346] <DebugLogPrinter> 2025-10-31 11:11:26.862 RunnerUITests-Runner[96761:9932643] PatrolServer: INFO: PATROL_ENABLED flag is defined
D 11:11:26.867 [DefaultDispatcher-worker-15 @coroutine#346] <DebugLogPrinter> 2025-10-31 11:11:26.865 RunnerUITests-Runner[96761:9932643] PatrolServer: INFO: Starting server...
D 11:11:26.868 [DefaultDispatcher-worker-14 @coroutine#346] <DebugLogPrinter> 2025-10-31 11:11:26.867 RunnerUITests-Runner[96761:9932643] PatrolServer: INFO: Server started on http://0.0.0.0:8081
D 11:11:26.868 [DefaultDispatcher-worker-14 @coroutine#346] <DebugLogPrinter> 2025-10-31 11:11:26.867 RunnerUITests-Runner[96761:9932643] PatrolServer: INFO: PATROL_APP_PORT is null, falling back to default (8082)
D 11:11:26.868 [DefaultDispatcher-worker-14 @coroutine#346] <DebugLogPrinter> 2025-10-31 11:11:26.867 RunnerUITests-Runner[96761:9932643] PatrolAppServiceClient: created, port: 8082
D 11:11:26.872 [DefaultDispatcher-worker-14 @coroutine#346] <DebugLogPrinter>     t =      nans Checking existence of `"Allow" Button`
D 11:11:26.918 [DefaultDispatcher-worker-4 @coroutine#346] <DebugLogPrinter>     t =      nans Ignoring failure to get hierarchy for remote element in process 96451 (Error getting main window kAXErrorServerNotFound)
D 11:11:26.921 [DefaultDispatcher-worker-8 @coroutine#346] <DebugLogPrinter>     t =      nans Ignoring failure to get hierarchy for remote element in process 96451 (Error getting main window kAXErrorServerNotFound)
D 11:11:26.921 [DefaultDispatcher-worker-8 @coroutine#346] <DebugLogPrinter> 2025-10-31 11:11:26.919 RunnerUITests-Runner[96761:9932643] selectedTest: {
D 11:11:26.921 [DefaultDispatcher-worker-8 @coroutine#346] <DebugLogPrinter>     name = "example0_test_counter_state_is_the_same_after_going_to_home_and_switching_apps";
D 11:11:26.921 [DefaultDispatcher-worker-8 @coroutine#346] <DebugLogPrinter>     skip = 0;
D 11:11:26.921 [DefaultDispatcher-worker-8 @coroutine#346] <DebugLogPrinter> }
D 11:11:26.921 [DefaultDispatcher-worker-8 @coroutine#346] <DebugLogPrinter> 2025-10-31 11:11:26.919 RunnerUITests-Runner[96761:9932643] RunnerUITests.testInvocations(): selectorName = example0_test_counter_state_is_the_same_after_going_to_home_and_switching_apps, signature: <NSMethodSignature: 0x93dd785565fb2fd7>
D 11:11:26.927 [DefaultDispatcher-worker-15 @coroutine#346] <DebugLogPrinter> Test Suite 'Selected tests' started at 2025-10-31 11:11:26.926.
D 11:11:26.927 [DefaultDispatcher-worker-15 @coroutine#346] <DebugLogPrinter> Test Suite 'RunnerUITests.xctest' started at 2025-10-31 11:11:26.926.
D 11:11:26.927 [DefaultDispatcher-worker-15 @coroutine#346] <DebugLogPrinter> Test Suite 'RunnerUITests' started at 2025-10-31 11:11:26.926.
D 11:11:26.928 [DefaultDispatcher-worker-14 @coroutine#346] <DebugLogPrinter> Test Case '-[RunnerUITests example0_test_counter_state_is_the_same_after_going_to_home_and_switching_apps]' started.
D 11:11:26.928 [DefaultDispatcher-worker-14 @coroutine#346] <DebugLogPrinter>     t =     0.00s Start Test at 2025-10-31 11:11:26.927
I 11:11:26.930 [AppleSimulatorDevice - execution - local-7 @execute BCE1DF2D-4C6B-468E-9AC6-0F143386FCDE@local#313] <DebugTestRunListener> testStarted BCE1DF2D-4C6B-468E-9AC6-0F143386FCDE@local test = Test(pkg=RunnerUITests, clazz=RunnerUITests, method=example0_test_counter_state_is_the_same_after_going_to_home_and_switching_apps, metaProperties=[])
D 11:11:26.930 [AppleSimulatorDevice - execution - local-7 @execute BCE1DF2D-4C6B-468E-9AC6-0F143386FCDE@local#313] <ScreenCapturerTestRunListener> Starting recording for RunnerUITests.example0_test_counter_state_is_the_same_after_going_to_home_and_switching_apps
D 11:11:26.949 [DefaultDispatcher-worker-5 @coroutine#346] <DebugLogPrinter>     t =     0.01s Set Up
D 11:11:26.952 [DefaultDispatcher-worker-5 @coroutine#346] <DebugLogPrinter>     t =     0.02s Open com.example.tryingPatrolMarathonIos
D 11:11:26.961 [DefaultDispatcher-worker-5 @coroutine#346] <DebugLogPrinter>     t =     0.03s     Launch com.example.tryingPatrolMarathonIos
D 11:11:27.506 [AppleSimulatorDevice - execution - local-2 @coroutine#347] <c.m.m.apple.ios.AppleSimulatorDevice> Transferred 4082183759687307657.png to/from BCE1DF2D-4C6B-468E-9AC6-0F143386FCDE@local. 744000,00 KB/s (2976130 bytes in 0,0040)
D 11:11:27.772 [DefaultDispatcher-worker-9 @coroutine#346] <DebugLogPrinter>     t =     0.84s         Setting up automation session
D 11:11:28.237 [DefaultDispatcher-worker-1 @coroutine#346] <DebugLogPrinter>     t =     1.31s         Wait for com.example.tryingPatrolMarathonIos to idle
D 11:11:28.553 [AppleSimulatorDevice - execution - local-4 @coroutine#347] <c.m.m.apple.ios.AppleSimulatorDevice> Transferred 14229535882073551263.png to/from BCE1DF2D-4C6B-468E-9AC6-0F143386FCDE@local. 71000,00 KB/s (71571 bytes in 0,0010)
D 11:11:28.888 [DefaultDispatcher-worker-4 @coroutine#346] <DebugLogPrinter> 2025-10-31 11:11:28.886 RunnerUITests-Runner[96761:9932709] PatrolServer: INFO: App reported that it is ready
D 11:11:28.982 [AppleSimulatorDevice - execution - local-8 @coroutine#347] <c.m.m.apple.ios.AppleSimulatorDevice> Transferred 10064359552180438905.png to/from BCE1DF2D-4C6B-468E-9AC6-0F143386FCDE@local. 63000,00 KB/s (63559 bytes in 0,0010)
D 11:11:29.408 [AppleSimulatorDevice - execution - local-5 @coroutine#347] <c.m.m.apple.ios.AppleSimulatorDevice> Transferred 15383738762380050956.png to/from BCE1DF2D-4C6B-468E-9AC6-0F143386FCDE@local. 84000,00 KB/s (84591 bytes in 0,0010)
D 11:11:29.812 [AppleSimulatorDevice - execution - local-3 @coroutine#347] <c.m.m.apple.ios.AppleSimulatorDevice> Transferred 7740568975522861259.png to/from BCE1DF2D-4C6B-468E-9AC6-0F143386FCDE@local. 88000,00 KB/s (88667 bytes in 0,0010)
D 11:11:30.750 [DefaultDispatcher-worker-7 @coroutine#346] <DebugLogPrinter> 2025-10-31 11:11:30.750 RunnerUITests-Runner[96761:9932643] PatrolAppServiceClient.runDartTest(example0_test_counter_state_is_the_same_after_going_to_home_and_switching_apps)
D 11:11:31.038 [AppleSimulatorDevice - execution - local-6 @coroutine#347] <c.m.m.apple.ios.AppleSimulatorDevice> Transferred 1946793161713525888.png to/from BCE1DF2D-4C6B-468E-9AC6-0F143386FCDE@local. 88000,00 KB/s (88667 bytes in 0,0010)
D 11:11:31.111 [DefaultDispatcher-worker-6 @coroutine#346] <DebugLogPrinter> 2025-10-31 11:11:31.111 RunnerUITests-Runner[96761:9932643] PatrolServer: INFO: pressing home button...
D 11:11:31.113 [DefaultDispatcher-worker-4 @coroutine#346] <DebugLogPrinter>     t =     4.19s Pressing Home button
D 11:11:31.433 [AppleSimulatorDevice - execution - local-2 @coroutine#347] <c.m.m.apple.ios.AppleSimulatorDevice> Transferred 7465604061612786903.png to/from BCE1DF2D-4C6B-468E-9AC6-0F143386FCDE@local. 105000,00 KB/s (105870 bytes in 0,0010)
D 11:11:31.685 [DefaultDispatcher-worker-4 @coroutine#346] <DebugLogPrinter> 2025-10-31 11:11:31.684 RunnerUITests-Runner[96761:9932643] PatrolServer: INFO: done pressing home button
D 11:11:31.687 [DefaultDispatcher-worker-13 @coroutine#346] <DebugLogPrinter> 2025-10-31 11:11:31.686 RunnerUITests-Runner[96761:9932643] PatrolServer: INFO: result: ()
D 11:11:31.715 [DefaultDispatcher-worker-8 @coroutine#346] <DebugLogPrinter> 2025-10-31 11:11:31.713 RunnerUITests-Runner[96761:9932686] runDartTest("example0_test_counter_state_is_the_same_after_going_to_home_and_switching_apps"): call finished, test result: PASSED
D 11:11:31.765 [DefaultDispatcher-worker-10 @coroutine#346] <DebugLogPrinter>     t =     4.84s Tear Down
D 11:11:31.902 [AppleSimulatorDevice - execution - local-4 @coroutine#347] <c.m.m.apple.ios.AppleSimulatorDevice> Transferred 6497069628406945921.png to/from BCE1DF2D-4C6B-468E-9AC6-0F143386FCDE@local. 1164000,00 KB/s (2328951 bytes in 0,0020)
D 11:11:31.970 [DefaultDispatcher-worker-7 @coroutine#346] <TestRunProgressParser> Test RunnerUITests.RunnerUITests.example0_test_counter_state_is_the_same_after_going_to_home_and_switching_apps finished with result <passed> after 5.042 seconds
D 11:11:31.970 [DefaultDispatcher-worker-7 @coroutine#346] <DebugLogPrinter> Test Case '-[RunnerUITests example0_test_counter_state_is_the_same_after_going_to_home_and_switching_apps]' passed (5.042 seconds).
D 11:11:31.970 [DefaultDispatcher-worker-7 @coroutine#346] <DebugLogPrinter> Test Suite 'RunnerUITests' passed at 2025-10-31 11:11:31.969.
D 11:11:31.970 [DefaultDispatcher-worker-7 @coroutine#346] <DebugLogPrinter> 	 Executed 1 test, with 0 failures (0 unexpected) in 5.042 (5.043) seconds
D 11:11:31.970 [DefaultDispatcher-worker-7 @coroutine#346] <DebugLogPrinter> Test Suite 'RunnerUITests.xctest' passed at 2025-10-31 11:11:31.969.
D 11:11:31.970 [DefaultDispatcher-worker-7 @coroutine#346] <DebugLogPrinter> 	 Executed 1 test, with 0 failures (0 unexpected) in 5.042 (5.043) seconds
D 11:11:31.971 [DefaultDispatcher-worker-7 @coroutine#346] <DebugLogPrinter> Test Suite 'Selected tests' passed at 2025-10-31 11:11:31.970.
D 11:11:31.972 [DefaultDispatcher-worker-7 @coroutine#346] <DebugLogPrinter> 	 Executed 1 test, with 0 failures (0 unexpected) in 5.042 (5.044) seconds
I 11:11:31.978 [AppleSimulatorDevice - execution - local-8 @execute BCE1DF2D-4C6B-468E-9AC6-0F143386FCDE@local#313] <DebugTestRunListener> testPassed BCE1DF2D-4C6B-468E-9AC6-0F143386FCDE@local test = Test(pkg=RunnerUITests, clazz=RunnerUITests, method=example0_test_counter_state_is_the_same_after_going_to_home_and_switching_apps, metaProperties=[]), timespan = [1761898286928,1761898291970]
D 11:11:31.978 [AppleSimulatorDevice - execution - local-8 @execute BCE1DF2D-4C6B-468E-9AC6-0F143386FCDE@local#313] <ScreenCapturerTestRunListener> Finished recording for RunnerUITests.example0_test_counter_state_is_the_same_after_going_to_home_and_switching_apps
D 11:11:32.256 [DefaultDispatcher-worker-10 @coroutine#346] <DebugLogPrinter> 
D 11:11:32.256 [DefaultDispatcher-worker-10 @coroutine#346] <DebugLogPrinter> Test session results, code coverage, and logs:
D 11:11:32.256 [DefaultDispatcher-worker-10 @coroutine#346] <DebugLogPrinter> 	/tmp/marathon/BCE1DF2D-4C6B-468E-9AC6-0F143386FCDE/BCE1DF2D-4C6B-468E-9AC6-0F143386FCDE.bae1c817-d158-4df1-94f1-8c34fed9754d.xcresult
D 11:11:32.256 [DefaultDispatcher-worker-10 @coroutine#346] <DebugLogPrinter> 
D 11:11:32.256 [DefaultDispatcher-worker-10 @coroutine#346] <DebugLogPrinter> ** TEST EXECUTE SUCCEEDED **
D 11:11:32.256 [DefaultDispatcher-worker-10 @coroutine#346] <DebugLogPrinter> 
E 11:11:32.284 [DefaultDispatcher-worker-14 @coroutine#420] <c.m.m.apple.ios.AppleSimulatorDevice> simulator BCE1DF2D-4C6B-468E-9AC6-0F143386FCDE: stderr=--- xcodebuild: WARNING: Using the first of multiple matching destinations:
D 11:11:32.284 [DefaultDispatcher-worker-14 @coroutine#420] <DebugLogPrinter> --- xcodebuild: WARNING: Using the first of multiple matching destinations:
E 11:11:32.284 [DefaultDispatcher-worker-14 @coroutine#420] <c.m.m.apple.ios.AppleSimulatorDevice> simulator BCE1DF2D-4C6B-468E-9AC6-0F143386FCDE: stderr={ platform:iOS Simulator, id:BCE1DF2D-4C6B-468E-9AC6-0F143386FCDE, OS:18.3.1, name:iPhone 16 }
D 11:11:32.284 [DefaultDispatcher-worker-14 @coroutine#420] <DebugLogPrinter> { platform:iOS Simulator, id:BCE1DF2D-4C6B-468E-9AC6-0F143386FCDE, OS:18.3.1, name:iPhone 16 }
E 11:11:32.284 [DefaultDispatcher-worker-14 @coroutine#420] <c.m.m.apple.ios.AppleSimulatorDevice> simulator BCE1DF2D-4C6B-468E-9AC6-0F143386FCDE: stderr={ platform:iOS Simulator, id:BCE1DF2D-4C6B-468E-9AC6-0F143386FCDE, OS:18.3.1, name:iPhone 16 }
D 11:11:32.284 [DefaultDispatcher-worker-14 @coroutine#420] <DebugLogPrinter> { platform:iOS Simulator, id:BCE1DF2D-4C6B-468E-9AC6-0F143386FCDE, OS:18.3.1, name:iPhone 16 }
E 11:11:32.284 [DefaultDispatcher-worker-14 @coroutine#420] <c.m.m.apple.ios.AppleSimulatorDevice> simulator BCE1DF2D-4C6B-468E-9AC6-0F143386FCDE: stderr=2025-10-31 11:11:32.246 xcodebuild[96752:9932511] [MT] IDETestOperationsObserverDebug: 7.310 elapsed -- Testing started completed.
D 11:11:32.284 [DefaultDispatcher-worker-14 @coroutine#420] <DebugLogPrinter> 2025-10-31 11:11:32.246 xcodebuild[96752:9932511] [MT] IDETestOperationsObserverDebug: 7.310 elapsed -- Testing started completed.
E 11:11:32.285 [DefaultDispatcher-worker-14 @coroutine#420] <c.m.m.apple.ios.AppleSimulatorDevice> simulator BCE1DF2D-4C6B-468E-9AC6-0F143386FCDE: stderr=2025-10-31 11:11:32.247 xcodebuild[96752:9932511] [MT] IDETestOperationsObserverDebug: 0.000 sec, +0.000 sec -- start
D 11:11:32.285 [DefaultDispatcher-worker-14 @coroutine#420] <DebugLogPrinter> 2025-10-31 11:11:32.247 xcodebuild[96752:9932511] [MT] IDETestOperationsObserverDebug: 0.000 sec, +0.000 sec -- start
E 11:11:32.285 [DefaultDispatcher-worker-14 @coroutine#420] <c.m.m.apple.ios.AppleSimulatorDevice> simulator BCE1DF2D-4C6B-468E-9AC6-0F143386FCDE: stderr=2025-10-31 11:11:32.247 xcodebuild[96752:9932511] [MT] IDETestOperationsObserverDebug: 7.310 sec, +7.310 sec -- end
D 11:11:32.285 [DefaultDispatcher-worker-14 @coroutine#420] <DebugLogPrinter> 2025-10-31 11:11:32.247 xcodebuild[96752:9932511] [MT] IDETestOperationsObserverDebug: 7.310 sec, +7.310 sec -- end
D 11:11:32.285 [DefaultDispatcher-worker-14 @coroutine#342] <c.m.m.apple.ios.AppleSimulatorDevice> Finished test batch execution with exit status 0
D 11:11:32.285 [AppleSimulatorDevice - execution - local-3 @execute BCE1DF2D-4C6B-468E-9AC6-0F143386FCDE@local#313] <c.m.marathon.apple.AppleDeviceTestRunner> Execution finished
D 11:11:32.336 [AppleSimulatorDevice - execution - local-6 @execute BCE1DF2D-4C6B-468E-9AC6-0F143386FCDE@local#313] <c.m.m.apple.ios.AppleSimulatorDevice> Transferred bae1c817-d158-4df1-94f1-8c34fed9754d.bae1c817-d158-4df1-94f1-8c34fed9754d to/from BCE1DF2D-4C6B-468E-9AC6-0F143386FCDE@local. 712750,00 KB/s (2851412 bytes in 0,0040)
D 11:11:32.337 [AppleSimulatorDevice - execution - local-6 @execute BCE1DF2D-4C6B-468E-9AC6-0F143386FCDE@local#313] <c.m.m.a.i.listener.log.DeviceLogListener> Pulling finished in 4ms /tmp/marathon/BCE1DF2D-4C6B-468E-9AC6-0F143386FCDE/device.log 
I 11:11:32.337 [AppleSimulatorDevice - execution - local-6 @execute BCE1DF2D-4C6B-468E-9AC6-0F143386FCDE@local#313] <DebugTestRunListener> afterTestRun
I 11:11:32.338 [AppleSimulatorDevice - execution - local-6 @execute BCE1DF2D-4C6B-468E-9AC6-0F143386FCDE@local#313] <c.m.m.a.listener.ArtifactFinderListener> Session results available at /tmp/marathon/BCE1DF2D-4C6B-468E-9AC6-0F143386FCDE/BCE1DF2D-4C6B-468E-9AC6-0F143386FCDE.bae1c817-d158-4df1-94f1-8c34fed9754d.xcresult
D 11:11:32.346 [main @coroutine#179] <QueueActor[DevicePoolId(name=omni)]> handle test results BCE1DF2D-4C6B-468E-9AC6-0F143386FCDE@local
00% | [omni]-[BCE1DF2D-4C6B-468E-9AC6-0F143386FCDE@local] RunnerUITests.RunnerUITests#example0_test_counter_state_is_the_same_after_going_to_home_and_switching_apps passed
D 11:11:32.347 [main @coroutine#179] <QueueActor[DevicePoolId(name=omni)]> request next batch for device BCE1DF2D-4C6B-468E-9AC6-0F143386FCDE@local
D 11:11:32.347 [main @coroutine#179] <QueueActor[DevicePoolId(name=omni)]> sending next batch for device BCE1DF2D-4C6B-468E-9AC6-0F143386FCDE@local
D 11:11:32.347 [main @coroutine#178] <DevicePoolActor[omni]> Notify devices
D 11:11:32.348 [main @coroutine#180] <DevicePool[omni]_DeviceActor[BCE1DF2D-4C6B-468E-9AC6-0F143386FCDE@local]> executeBatch BCE1DF2D-4C6B-468E-9AC6-0F143386FCDE@local
D 11:11:32.348 [AppleSimulatorDevice - execution - local-8 @execute BCE1DF2D-4C6B-468E-9AC6-0F143386FCDE@local#447] <c.m.marathon.apple.AppleDeviceTestRunner> Remote xctestrun = /tmp/marathon/BCE1DF2D-4C6B-468E-9AC6-0F143386FCDE/marathon.xctestrun
D 11:11:32.348 [AppleSimulatorDevice - execution - local-8 @execute BCE1DF2D-4C6B-468E-9AC6-0F143386FCDE@local#447] <c.m.marathon.apple.AppleDeviceTestRunner> Tests = [Test(pkg=RunnerUITests, clazz=RunnerUITests, method=example_test_counter_state_is_the_same_after_going_to_home_and_switching_apps, metaProperties=[])]
D 11:11:32.729 [AppleSimulatorDevice - execution - local-7 @coroutine#476] <c.m.m.a.bin.xcrun.xcodebuild.Xcodebuild> Running xcrun xcodebuild test-without-building -xctestrun /tmp/marathon/BCE1DF2D-4C6B-468E-9AC6-0F143386FCDE/marathon.xctestrun '-only-testing:RunnerUITests/RunnerUITests/example_test_counter_state_is_the_same_after_going_to_home_and_switching_apps' -enableCodeCoverage NO -resultBundlePath /tmp/marathon/BCE1DF2D-4C6B-468E-9AC6-0F143386FCDE/BCE1DF2D-4C6B-468E-9AC6-0F143386FCDE.33304312-0058-4fbe-bf6b-35d62527b6f6.xcresult -destination-timeout 30 -destination 'platform=iOS Simulator,id=BCE1DF2D-4C6B-468E-9AC6-0F143386FCDE'
D 11:11:33.284 [DefaultDispatcher-worker-10 @coroutine#480] <DebugLogPrinter> Command line invocation:
D 11:11:33.284 [DefaultDispatcher-worker-10 @coroutine#480] <DebugLogPrinter>     /Applications/Xcode.app/Contents/Developer/usr/bin/xcodebuild test-without-building -xctestrun /tmp/marathon/BCE1DF2D-4C6B-468E-9AC6-0F143386FCDE/marathon.xctestrun "-only-testing:RunnerUITests/RunnerUITests/example_test_counter_state_is_the_same_after_going_to_home_and_switching_apps" -enableCodeCoverage NO -resultBundlePath /tmp/marathon/BCE1DF2D-4C6B-468E-9AC6-0F143386FCDE/BCE1DF2D-4C6B-468E-9AC6-0F143386FCDE.33304312-0058-4fbe-bf6b-35d62527b6f6.xcresult -destination-timeout 30 -destination "platform=iOS Simulator,id=BCE1DF2D-4C6B-468E-9AC6-0F143386FCDE"
D 11:11:33.284 [DefaultDispatcher-worker-10 @coroutine#480] <DebugLogPrinter> 
D 11:11:33.284 [DefaultDispatcher-worker-10 @coroutine#480] <DebugLogPrinter> User defaults from command line:
D 11:11:33.284 [DefaultDispatcher-worker-10 @coroutine#480] <DebugLogPrinter>     IDEBuildOperationResultBundlePath = /tmp/marathon/BCE1DF2D-4C6B-468E-9AC6-0F143386FCDE/BCE1DF2D-4C6B-468E-9AC6-0F143386FCDE.33304312-0058-4fbe-bf6b-35d62527b6f6.xcresult
D 11:11:33.284 [DefaultDispatcher-worker-10 @coroutine#480] <DebugLogPrinter>     IDEPackageSupportUseBuiltinSCM = YES
D 11:11:33.284 [DefaultDispatcher-worker-10 @coroutine#480] <DebugLogPrinter> 
D 11:11:33.399 [DefaultDispatcher-worker-13 @coroutine#480] <DebugLogPrinter> Writing result bundle at path:
D 11:11:33.399 [DefaultDispatcher-worker-13 @coroutine#480] <DebugLogPrinter> 	/tmp/marathon/BCE1DF2D-4C6B-468E-9AC6-0F143386FCDE/BCE1DF2D-4C6B-468E-9AC6-0F143386FCDE.33304312-0058-4fbe-bf6b-35d62527b6f6.xcresult
D 11:11:33.399 [DefaultDispatcher-worker-13 @coroutine#480] <DebugLogPrinter> 
D 11:11:33.479 [DefaultDispatcher-worker-13 @coroutine#480] <DebugLogPrinter> Testing started
D 11:11:35.025 [DefaultDispatcher-worker-10 @coroutine#480] <DebugLogPrinter> 2025-10-31 11:11:35.023 RunnerUITests-Runner[96828:9933490] Running tests without clearing permissions
D 11:11:35.026 [DefaultDispatcher-worker-8 @coroutine#480] <DebugLogPrinter> 2025-10-31 11:11:35.023 RunnerUITests-Runner[96828:9933490] PatrolServer: INFO: PATROL_TEST_PORT is null, falling back to default (8081)
D 11:11:35.026 [DefaultDispatcher-worker-8 @coroutine#480] <DebugLogPrinter> 2025-10-31 11:11:35.023 RunnerUITests-Runner[96828:9933490] PatrolServer: INFO: PatrolServer constructor called
D 11:11:35.026 [DefaultDispatcher-worker-8 @coroutine#480] <DebugLogPrinter> 2025-10-31 11:11:35.023 RunnerUITests-Runner[96828:9933490] PatrolServer: INFO: PATROL_ENABLED flag is defined
D 11:11:35.027 [DefaultDispatcher-worker-5 @coroutine#480] <DebugLogPrinter> 2025-10-31 11:11:35.026 RunnerUITests-Runner[96828:9933490] PatrolServer: INFO: Starting server...
D 11:11:35.029 [DefaultDispatcher-worker-12 @coroutine#480] <DebugLogPrinter> 2025-10-31 11:11:35.028 RunnerUITests-Runner[96828:9933490] PatrolServer: INFO: Server started on http://0.0.0.0:8081
D 11:11:35.029 [DefaultDispatcher-worker-12 @coroutine#480] <DebugLogPrinter> 2025-10-31 11:11:35.028 RunnerUITests-Runner[96828:9933490] PatrolServer: INFO: PATROL_APP_PORT is null, falling back to default (8082)
D 11:11:35.029 [DefaultDispatcher-worker-12 @coroutine#480] <DebugLogPrinter> 2025-10-31 11:11:35.028 RunnerUITests-Runner[96828:9933490] PatrolAppServiceClient: created, port: 8082
D 11:11:35.032 [DefaultDispatcher-worker-13 @coroutine#480] <DebugLogPrinter>     t =      nans Checking existence of `"Allow" Button`
D 11:11:35.073 [DefaultDispatcher-worker-5 @coroutine#480] <DebugLogPrinter>     t =      nans Ignoring failure to get hierarchy for remote element in process 96451 (Error getting main window kAXErrorServerNotFound)
D 11:11:35.073 [DefaultDispatcher-worker-5 @coroutine#480] <DebugLogPrinter>     t =      nans Ignoring failure to get hierarchy for remote element in process 96451 (Error getting main window kAXErrorServerNotFound)
D 11:11:35.074 [DefaultDispatcher-worker-5 @coroutine#480] <DebugLogPrinter> 2025-10-31 11:11:35.073 RunnerUITests-Runner[96828:9933490] selectedTest: {
D 11:11:35.074 [DefaultDispatcher-worker-5 @coroutine#480] <DebugLogPrinter>     name = "example_test_counter_state_is_the_same_after_going_to_home_and_switching_apps";
D 11:11:35.074 [DefaultDispatcher-worker-5 @coroutine#480] <DebugLogPrinter>     skip = 0;
D 11:11:35.074 [DefaultDispatcher-worker-5 @coroutine#480] <DebugLogPrinter> }
D 11:11:35.074 [DefaultDispatcher-worker-5 @coroutine#480] <DebugLogPrinter> 2025-10-31 11:11:35.073 RunnerUITests-Runner[96828:9933490] RunnerUITests.testInvocations(): selectorName = example_test_counter_state_is_the_same_after_going_to_home_and_switching_apps, signature: <NSMethodSignature: 0x839815b87c098647>
D 11:11:35.079 [DefaultDispatcher-worker-5 @coroutine#480] <DebugLogPrinter> Test Suite 'Selected tests' started at 2025-10-31 11:11:35.079.
D 11:11:35.079 [DefaultDispatcher-worker-5 @coroutine#480] <DebugLogPrinter> Test Suite 'RunnerUITests.xctest' started at 2025-10-31 11:11:35.079.
D 11:11:35.079 [DefaultDispatcher-worker-5 @coroutine#480] <DebugLogPrinter> Test Suite 'RunnerUITests' started at 2025-10-31 11:11:35.079.
D 11:11:35.081 [DefaultDispatcher-worker-1 @coroutine#480] <DebugLogPrinter> Test Case '-[RunnerUITests example_test_counter_state_is_the_same_after_going_to_home_and_switching_apps]' started.
I 11:11:35.081 [AppleSimulatorDevice - execution - local-6 @execute BCE1DF2D-4C6B-468E-9AC6-0F143386FCDE@local#447] <DebugTestRunListener> testStarted BCE1DF2D-4C6B-468E-9AC6-0F143386FCDE@local test = Test(pkg=RunnerUITests, clazz=RunnerUITests, method=example_test_counter_state_is_the_same_after_going_to_home_and_switching_apps, metaProperties=[])
D 11:11:35.081 [AppleSimulatorDevice - execution - local-6 @execute BCE1DF2D-4C6B-468E-9AC6-0F143386FCDE@local#447] <ScreenCapturerTestRunListener> Starting recording for RunnerUITests.example_test_counter_state_is_the_same_after_going_to_home_and_switching_apps
D 11:11:35.081 [DefaultDispatcher-worker-1 @coroutine#480] <DebugLogPrinter>     t =     0.00s Start Test at 2025-10-31 11:11:35.079
D 11:11:35.091 [DefaultDispatcher-worker-1 @coroutine#480] <DebugLogPrinter>     t =     0.01s Set Up
D 11:11:35.093 [DefaultDispatcher-worker-4 @coroutine#480] <DebugLogPrinter>     t =     0.01s Open com.example.tryingPatrolMarathonIos
D 11:11:35.100 [DefaultDispatcher-worker-3 @coroutine#480] <DebugLogPrinter>     t =     0.02s     Launch com.example.tryingPatrolMarathonIos
D 11:11:35.520 [AppleSimulatorDevice - execution - local-8 @coroutine#481] <c.m.m.apple.ios.AppleSimulatorDevice> Transferred 11837148414964913647.png to/from BCE1DF2D-4C6B-468E-9AC6-0F143386FCDE@local. 991333,33 KB/s (2974242 bytes in 0,0030)
D 11:11:35.709 [DefaultDispatcher-worker-10 @coroutine#480] <DebugLogPrinter>     t =     0.63s         Setting up automation session
D 11:11:35.996 [AppleSimulatorDevice - execution - local-4 @coroutine#481] <c.m.m.apple.ios.AppleSimulatorDevice> Transferred 15049967491760545971.png to/from BCE1DF2D-4C6B-468E-9AC6-0F143386FCDE@local. 680000,00 KB/s (680122 bytes in 0,0010)
D 11:11:36.091 [DefaultDispatcher-worker-4 @coroutine#480] <DebugLogPrinter>     t =     1.01s         Wait for com.example.tryingPatrolMarathonIos to idle
D 11:11:36.469 [DefaultDispatcher-worker-15 @coroutine#480] <DebugLogPrinter> 2025-10-31 11:11:36.468 RunnerUITests-Runner[96828:9933531] PatrolServer: INFO: App reported that it is ready
D 11:11:37.236 [AppleSimulatorDevice - execution - local-3 @coroutine#481] <c.m.m.apple.ios.AppleSimulatorDevice> Transferred 17195346162465464934.png to/from BCE1DF2D-4C6B-468E-9AC6-0F143386FCDE@local. 63000,00 KB/s (63924 bytes in 0,0010)
D 11:11:38.643 [DefaultDispatcher-worker-7 @coroutine#480] <DebugLogPrinter> 2025-10-31 11:11:38.641 RunnerUITests-Runner[96828:9933490] PatrolAppServiceClient.runDartTest(example_test_counter_state_is_the_same_after_going_to_home_and_switching_apps)
D 11:11:39.011 [DefaultDispatcher-worker-11 @coroutine#480] <DebugLogPrinter> 2025-10-31 11:11:39.010 RunnerUITests-Runner[96828:9933490] PatrolServer: INFO: pressing home button...
D 11:11:39.011 [DefaultDispatcher-worker-11 @coroutine#480] <DebugLogPrinter>     t =     3.93s Pressing Home button
D 11:11:39.477 [DefaultDispatcher-worker-5 @coroutine#480] <DebugLogPrinter> 2025-10-31 11:11:39.475 RunnerUITests-Runner[96828:9933490] PatrolServer: INFO: done pressing home button
D 11:11:39.478 [DefaultDispatcher-worker-10 @coroutine#480] <DebugLogPrinter> 2025-10-31 11:11:39.477 RunnerUITests-Runner[96828:9933490] PatrolServer: INFO: result: ()
D 11:11:39.501 [DefaultDispatcher-worker-12 @coroutine#480] <DebugLogPrinter> 2025-10-31 11:11:39.500 RunnerUITests-Runner[96828:9933538] runDartTest("example_test_counter_state_is_the_same_after_going_to_home_and_switching_apps"): call finished, test result: PASSED
D 11:11:39.650 [DefaultDispatcher-worker-2 @coroutine#480] <DebugLogPrinter>     t =     4.57s Tear Down
D 11:11:39.689 [AppleSimulatorDevice - execution - local-5 @coroutine#481] <c.m.m.apple.ios.AppleSimulatorDevice> Transferred 15405271697938828258.png to/from BCE1DF2D-4C6B-468E-9AC6-0F143386FCDE@local. 1175500,00 KB/s (2351041 bytes in 0,0020)
D 11:11:39.854 [DefaultDispatcher-worker-2 @coroutine#480] <TestRunProgressParser> Test RunnerUITests.RunnerUITests.example_test_counter_state_is_the_same_after_going_to_home_and_switching_apps finished with result <passed> after 4.775 seconds
D 11:11:39.854 [DefaultDispatcher-worker-2 @coroutine#480] <DebugLogPrinter> Test Case '-[RunnerUITests example_test_counter_state_is_the_same_after_going_to_home_and_switching_apps]' passed (4.775 seconds).
I 11:11:39.855 [AppleSimulatorDevice - execution - local-1 @execute BCE1DF2D-4C6B-468E-9AC6-0F143386FCDE@local#447] <DebugTestRunListener> testPassed BCE1DF2D-4C6B-468E-9AC6-0F143386FCDE@local test = Test(pkg=RunnerUITests, clazz=RunnerUITests, method=example_test_counter_state_is_the_same_after_going_to_home_and_switching_apps, metaProperties=[]), timespan = [1761898295079,1761898299854]
D 11:11:39.855 [AppleSimulatorDevice - execution - local-1 @execute BCE1DF2D-4C6B-468E-9AC6-0F143386FCDE@local#447] <ScreenCapturerTestRunListener> Finished recording for RunnerUITests.example_test_counter_state_is_the_same_after_going_to_home_and_switching_apps
D 11:11:39.859 [DefaultDispatcher-worker-12 @coroutine#480] <DebugLogPrinter> Test Suite 'RunnerUITests' passed at 2025-10-31 11:11:39.858.
D 11:11:39.859 [DefaultDispatcher-worker-12 @coroutine#480] <DebugLogPrinter> 	 Executed 1 test, with 0 failures (0 unexpected) in 4.775 (4.779) seconds
D 11:11:39.861 [DefaultDispatcher-worker-13 @coroutine#480] <DebugLogPrinter> Test Suite 'RunnerUITests.xctest' passed at 2025-10-31 11:11:39.859.
D 11:11:39.861 [DefaultDispatcher-worker-13 @coroutine#480] <DebugLogPrinter> 	 Executed 1 test, with 0 failures (0 unexpected) in 4.775 (4.780) seconds
D 11:11:39.861 [DefaultDispatcher-worker-13 @coroutine#480] <DebugLogPrinter> Test Suite 'Selected tests' passed at 2025-10-31 11:11:39.859.
D 11:11:39.861 [DefaultDispatcher-worker-13 @coroutine#480] <DebugLogPrinter> 	 Executed 1 test, with 0 failures (0 unexpected) in 4.775 (4.780) seconds
D 11:11:40.148 [DefaultDispatcher-worker-14 @coroutine#480] <DebugLogPrinter> 
D 11:11:40.148 [DefaultDispatcher-worker-14 @coroutine#480] <DebugLogPrinter> Test session results, code coverage, and logs:
D 11:11:40.148 [DefaultDispatcher-worker-14 @coroutine#480] <DebugLogPrinter> 	/tmp/marathon/BCE1DF2D-4C6B-468E-9AC6-0F143386FCDE/BCE1DF2D-4C6B-468E-9AC6-0F143386FCDE.33304312-0058-4fbe-bf6b-35d62527b6f6.xcresult
D 11:11:40.148 [DefaultDispatcher-worker-14 @coroutine#480] <DebugLogPrinter> 
D 11:11:40.148 [DefaultDispatcher-worker-14 @coroutine#480] <DebugLogPrinter> ** TEST EXECUTE SUCCEEDED **
D 11:11:40.148 [DefaultDispatcher-worker-14 @coroutine#480] <DebugLogPrinter> 
E 11:11:40.176 [DefaultDispatcher-worker-13 @coroutine#566] <c.m.m.apple.ios.AppleSimulatorDevice> simulator BCE1DF2D-4C6B-468E-9AC6-0F143386FCDE: stderr=--- xcodebuild: WARNING: Using the first of multiple matching destinations:
D 11:11:40.176 [DefaultDispatcher-worker-13 @coroutine#566] <DebugLogPrinter> --- xcodebuild: WARNING: Using the first of multiple matching destinations:
E 11:11:40.176 [DefaultDispatcher-worker-13 @coroutine#566] <c.m.m.apple.ios.AppleSimulatorDevice> simulator BCE1DF2D-4C6B-468E-9AC6-0F143386FCDE: stderr={ platform:iOS Simulator, id:BCE1DF2D-4C6B-468E-9AC6-0F143386FCDE, OS:18.3.1, name:iPhone 16 }
D 11:11:40.176 [DefaultDispatcher-worker-13 @coroutine#566] <DebugLogPrinter> { platform:iOS Simulator, id:BCE1DF2D-4C6B-468E-9AC6-0F143386FCDE, OS:18.3.1, name:iPhone 16 }
E 11:11:40.176 [DefaultDispatcher-worker-13 @coroutine#566] <c.m.m.apple.ios.AppleSimulatorDevice> simulator BCE1DF2D-4C6B-468E-9AC6-0F143386FCDE: stderr={ platform:iOS Simulator, id:BCE1DF2D-4C6B-468E-9AC6-0F143386FCDE, OS:18.3.1, name:iPhone 16 }
D 11:11:40.176 [DefaultDispatcher-worker-13 @coroutine#566] <DebugLogPrinter> { platform:iOS Simulator, id:BCE1DF2D-4C6B-468E-9AC6-0F143386FCDE, OS:18.3.1, name:iPhone 16 }
E 11:11:40.176 [DefaultDispatcher-worker-13 @coroutine#566] <c.m.m.apple.ios.AppleSimulatorDevice> simulator BCE1DF2D-4C6B-468E-9AC6-0F143386FCDE: stderr=2025-10-31 11:11:40.139 xcodebuild[96822:9933388] [MT] IDETestOperationsObserverDebug: 6.662 elapsed -- Testing started completed.
D 11:11:40.176 [DefaultDispatcher-worker-13 @coroutine#566] <DebugLogPrinter> 2025-10-31 11:11:40.139 xcodebuild[96822:9933388] [MT] IDETestOperationsObserverDebug: 6.662 elapsed -- Testing started completed.
E 11:11:40.176 [DefaultDispatcher-worker-13 @coroutine#566] <c.m.m.apple.ios.AppleSimulatorDevice> simulator BCE1DF2D-4C6B-468E-9AC6-0F143386FCDE: stderr=2025-10-31 11:11:40.140 xcodebuild[96822:9933388] [MT] IDETestOperationsObserverDebug: 0.000 sec, +0.000 sec -- start
D 11:11:40.176 [DefaultDispatcher-worker-13 @coroutine#566] <DebugLogPrinter> 2025-10-31 11:11:40.140 xcodebuild[96822:9933388] [MT] IDETestOperationsObserverDebug: 0.000 sec, +0.000 sec -- start
E 11:11:40.176 [DefaultDispatcher-worker-13 @coroutine#566] <c.m.m.apple.ios.AppleSimulatorDevice> simulator BCE1DF2D-4C6B-468E-9AC6-0F143386FCDE: stderr=2025-10-31 11:11:40.140 xcodebuild[96822:9933388] [MT] IDETestOperationsObserverDebug: 6.662 sec, +6.662 sec -- end
D 11:11:40.176 [DefaultDispatcher-worker-13 @coroutine#566] <DebugLogPrinter> 2025-10-31 11:11:40.140 xcodebuild[96822:9933388] [MT] IDETestOperationsObserverDebug: 6.662 sec, +6.662 sec -- end
D 11:11:40.177 [DefaultDispatcher-worker-13 @coroutine#476] <c.m.m.apple.ios.AppleSimulatorDevice> Finished test batch execution with exit status 0
D 11:11:40.177 [AppleSimulatorDevice - execution - local-2 @execute BCE1DF2D-4C6B-468E-9AC6-0F143386FCDE@local#447] <c.m.marathon.apple.AppleDeviceTestRunner> Execution finished
D 11:11:40.217 [AppleSimulatorDevice - execution - local-4 @execute BCE1DF2D-4C6B-468E-9AC6-0F143386FCDE@local#447] <c.m.m.apple.ios.AppleSimulatorDevice> Transferred 33304312-0058-4fbe-bf6b-35d62527b6f6.33304312-0058-4fbe-bf6b-35d62527b6f6 to/from BCE1DF2D-4C6B-468E-9AC6-0F143386FCDE@local. 699750,00 KB/s (2799510 bytes in 0,0040)
D 11:11:40.217 [AppleSimulatorDevice - execution - local-4 @execute BCE1DF2D-4C6B-468E-9AC6-0F143386FCDE@local#447] <c.m.m.a.i.listener.log.DeviceLogListener> Pulling finished in 4ms /tmp/marathon/BCE1DF2D-4C6B-468E-9AC6-0F143386FCDE/device.log 
I 11:11:40.217 [AppleSimulatorDevice - execution - local-4 @execute BCE1DF2D-4C6B-468E-9AC6-0F143386FCDE@local#447] <DebugTestRunListener> afterTestRun
I 11:11:40.217 [AppleSimulatorDevice - execution - local-4 @execute BCE1DF2D-4C6B-468E-9AC6-0F143386FCDE@local#447] <c.m.m.a.listener.ArtifactFinderListener> Session results available at /tmp/marathon/BCE1DF2D-4C6B-468E-9AC6-0F143386FCDE/BCE1DF2D-4C6B-468E-9AC6-0F143386FCDE.33304312-0058-4fbe-bf6b-35d62527b6f6.xcresult
D 11:11:40.225 [main @coroutine#179] <QueueActor[DevicePoolId(name=omni)]> handle test results BCE1DF2D-4C6B-468E-9AC6-0F143386FCDE@local
25% | [omni]-[BCE1DF2D-4C6B-468E-9AC6-0F143386FCDE@local] RunnerUITests.RunnerUITests#example_test_counter_state_is_the_same_after_going_to_home_and_switching_apps passed
D 11:11:40.226 [main @coroutine#179] <QueueActor[DevicePoolId(name=omni)]> request next batch for device BCE1DF2D-4C6B-468E-9AC6-0F143386FCDE@local
D 11:11:40.226 [main @coroutine#179] <QueueActor[DevicePoolId(name=omni)]> sending next batch for device BCE1DF2D-4C6B-468E-9AC6-0F143386FCDE@local
D 11:11:40.226 [main @coroutine#178] <DevicePoolActor[omni]> Notify devices
D 11:11:40.226 [main @coroutine#180] <DevicePool[omni]_DeviceActor[BCE1DF2D-4C6B-468E-9AC6-0F143386FCDE@local]> executeBatch BCE1DF2D-4C6B-468E-9AC6-0F143386FCDE@local
D 11:11:40.226 [AppleSimulatorDevice - execution - local-1 @execute BCE1DF2D-4C6B-468E-9AC6-0F143386FCDE@local#595] <c.m.marathon.apple.AppleDeviceTestRunner> Remote xctestrun = /tmp/marathon/BCE1DF2D-4C6B-468E-9AC6-0F143386FCDE/marathon.xctestrun
D 11:11:40.226 [AppleSimulatorDevice - execution - local-1 @execute BCE1DF2D-4C6B-468E-9AC6-0F143386FCDE@local#595] <c.m.marathon.apple.AppleDeviceTestRunner> Tests = [Test(pkg=RunnerUITests, clazz=RunnerUITests, method=example2_test_counter_state_is_the_same_after_going_to_home_and_switching_apps, metaProperties=[])]
D 11:11:40.601 [AppleSimulatorDevice - execution - local-8 @coroutine#624] <c.m.m.a.bin.xcrun.xcodebuild.Xcodebuild> Running xcrun xcodebuild test-without-building -xctestrun /tmp/marathon/BCE1DF2D-4C6B-468E-9AC6-0F143386FCDE/marathon.xctestrun '-only-testing:RunnerUITests/RunnerUITests/example2_test_counter_state_is_the_same_after_going_to_home_and_switching_apps' -enableCodeCoverage NO -resultBundlePath /tmp/marathon/BCE1DF2D-4C6B-468E-9AC6-0F143386FCDE/BCE1DF2D-4C6B-468E-9AC6-0F143386FCDE.3cefa5f6-fcdd-411e-9f02-787c45145dcc.xcresult -destination-timeout 30 -destination 'platform=iOS Simulator,id=BCE1DF2D-4C6B-468E-9AC6-0F143386FCDE'
D 11:11:41.131 [DefaultDispatcher-worker-14 @coroutine#628] <DebugLogPrinter> Command line invocation:
D 11:11:41.131 [DefaultDispatcher-worker-14 @coroutine#628] <DebugLogPrinter>     /Applications/Xcode.app/Contents/Developer/usr/bin/xcodebuild test-without-building -xctestrun /tmp/marathon/BCE1DF2D-4C6B-468E-9AC6-0F143386FCDE/marathon.xctestrun "-only-testing:RunnerUITests/RunnerUITests/example2_test_counter_state_is_the_same_after_going_to_home_and_switching_apps" -enableCodeCoverage NO -resultBundlePath /tmp/marathon/BCE1DF2D-4C6B-468E-9AC6-0F143386FCDE/BCE1DF2D-4C6B-468E-9AC6-0F143386FCDE.3cefa5f6-fcdd-411e-9f02-787c45145dcc.xcresult -destination-timeout 30 -destination "platform=iOS Simulator,id=BCE1DF2D-4C6B-468E-9AC6-0F143386FCDE"
D 11:11:41.131 [DefaultDispatcher-worker-14 @coroutine#628] <DebugLogPrinter> 
D 11:11:41.131 [DefaultDispatcher-worker-14 @coroutine#628] <DebugLogPrinter> User defaults from command line:
D 11:11:41.131 [DefaultDispatcher-worker-14 @coroutine#628] <DebugLogPrinter>     IDEBuildOperationResultBundlePath = /tmp/marathon/BCE1DF2D-4C6B-468E-9AC6-0F143386FCDE/BCE1DF2D-4C6B-468E-9AC6-0F143386FCDE.3cefa5f6-fcdd-411e-9f02-787c45145dcc.xcresult
D 11:11:41.131 [DefaultDispatcher-worker-14 @coroutine#628] <DebugLogPrinter>     IDEPackageSupportUseBuiltinSCM = YES
D 11:11:41.131 [DefaultDispatcher-worker-14 @coroutine#628] <DebugLogPrinter> 
D 11:11:41.234 [DefaultDispatcher-worker-9 @coroutine#628] <DebugLogPrinter> Writing result bundle at path:
D 11:11:41.234 [DefaultDispatcher-worker-9 @coroutine#628] <DebugLogPrinter> 	/tmp/marathon/BCE1DF2D-4C6B-468E-9AC6-0F143386FCDE/BCE1DF2D-4C6B-468E-9AC6-0F143386FCDE.3cefa5f6-fcdd-411e-9f02-787c45145dcc.xcresult
D 11:11:41.234 [DefaultDispatcher-worker-9 @coroutine#628] <DebugLogPrinter> 
D 11:11:41.320 [DefaultDispatcher-worker-15 @coroutine#628] <DebugLogPrinter> Testing started
D 11:11:42.869 [DefaultDispatcher-worker-4 @coroutine#628] <DebugLogPrinter> 2025-10-31 11:11:42.868 RunnerUITests-Runner[96909:9934310] Running tests without clearing permissions
D 11:11:42.870 [DefaultDispatcher-worker-12 @coroutine#628] <DebugLogPrinter> 2025-10-31 11:11:42.868 RunnerUITests-Runner[96909:9934310] PatrolServer: INFO: PATROL_TEST_PORT is null, falling back to default (8081)
D 11:11:42.870 [DefaultDispatcher-worker-12 @coroutine#628] <DebugLogPrinter> 2025-10-31 11:11:42.868 RunnerUITests-Runner[96909:9934310] PatrolServer: INFO: PatrolServer constructor called
D 11:11:42.870 [DefaultDispatcher-worker-12 @coroutine#628] <DebugLogPrinter> 2025-10-31 11:11:42.868 RunnerUITests-Runner[96909:9934310] PatrolServer: INFO: PATROL_ENABLED flag is defined
D 11:11:42.872 [DefaultDispatcher-worker-4 @coroutine#628] <DebugLogPrinter> 2025-10-31 11:11:42.871 RunnerUITests-Runner[96909:9934310] PatrolServer: INFO: Starting server...
D 11:11:42.876 [DefaultDispatcher-worker-4 @coroutine#628] <DebugLogPrinter> 2025-10-31 11:11:42.873 RunnerUITests-Runner[96909:9934310] PatrolServer: INFO: Server started on http://0.0.0.0:8081
D 11:11:42.876 [DefaultDispatcher-worker-4 @coroutine#628] <DebugLogPrinter> 2025-10-31 11:11:42.873 RunnerUITests-Runner[96909:9934310] PatrolServer: INFO: PATROL_APP_PORT is null, falling back to default (8082)
D 11:11:42.876 [DefaultDispatcher-worker-4 @coroutine#628] <DebugLogPrinter> 2025-10-31 11:11:42.873 RunnerUITests-Runner[96909:9934310] PatrolAppServiceClient: created, port: 8082
D 11:11:42.876 [DefaultDispatcher-worker-4 @coroutine#628] <DebugLogPrinter>     t =      nans Checking existence of `"Allow" Button`
D 11:11:42.919 [DefaultDispatcher-worker-9 @coroutine#628] <DebugLogPrinter>     t =      nans Ignoring failure to get hierarchy for remote element in process 96451 (Error getting main window kAXErrorServerNotFound)
D 11:11:42.920 [DefaultDispatcher-worker-9 @coroutine#628] <DebugLogPrinter>     t =      nans Ignoring failure to get hierarchy for remote element in process 96451 (Error getting main window kAXErrorServerNotFound)
D 11:11:42.920 [DefaultDispatcher-worker-9 @coroutine#628] <DebugLogPrinter> 2025-10-31 11:11:42.919 RunnerUITests-Runner[96909:9934310] selectedTest: {
D 11:11:42.920 [DefaultDispatcher-worker-9 @coroutine#628] <DebugLogPrinter>     name = "example2_test_counter_state_is_the_same_after_going_to_home_and_switching_apps";
D 11:11:42.920 [DefaultDispatcher-worker-9 @coroutine#628] <DebugLogPrinter>     skip = 0;
D 11:11:42.920 [DefaultDispatcher-worker-9 @coroutine#628] <DebugLogPrinter> }
D 11:11:42.920 [DefaultDispatcher-worker-9 @coroutine#628] <DebugLogPrinter> 2025-10-31 11:11:42.919 RunnerUITests-Runner[96909:9934310] RunnerUITests.testInvocations(): selectorName = example2_test_counter_state_is_the_same_after_going_to_home_and_switching_apps, signature: <NSMethodSignature: 0x93d0faa860d17f9f>
D 11:11:42.925 [DefaultDispatcher-worker-14 @coroutine#628] <DebugLogPrinter> Test Suite 'Selected tests' started at 2025-10-31 11:11:42.925.
D 11:11:42.926 [DefaultDispatcher-worker-9 @coroutine#628] <DebugLogPrinter> Test Suite 'RunnerUITests.xctest' started at 2025-10-31 11:11:42.925.
D 11:11:42.927 [DefaultDispatcher-worker-9 @coroutine#628] <DebugLogPrinter> Test Suite 'RunnerUITests' started at 2025-10-31 11:11:42.925.
D 11:11:42.927 [DefaultDispatcher-worker-9 @coroutine#628] <DebugLogPrinter> Test Case '-[RunnerUITests example2_test_counter_state_is_the_same_after_going_to_home_and_switching_apps]' started.
D 11:11:42.927 [DefaultDispatcher-worker-9 @coroutine#628] <DebugLogPrinter>     t =     0.00s Start Test at 2025-10-31 11:11:42.926
I 11:11:42.927 [AppleSimulatorDevice - execution - local-4 @execute BCE1DF2D-4C6B-468E-9AC6-0F143386FCDE@local#595] <DebugTestRunListener> testStarted BCE1DF2D-4C6B-468E-9AC6-0F143386FCDE@local test = Test(pkg=RunnerUITests, clazz=RunnerUITests, method=example2_test_counter_state_is_the_same_after_going_to_home_and_switching_apps, metaProperties=[])
D 11:11:42.927 [AppleSimulatorDevice - execution - local-4 @execute BCE1DF2D-4C6B-468E-9AC6-0F143386FCDE@local#595] <ScreenCapturerTestRunListener> Starting recording for RunnerUITests.example2_test_counter_state_is_the_same_after_going_to_home_and_switching_apps
D 11:11:42.937 [DefaultDispatcher-worker-15 @coroutine#628] <DebugLogPrinter>     t =     0.01s Set Up
D 11:11:42.939 [DefaultDispatcher-worker-14 @coroutine#628] <DebugLogPrinter>     t =     0.01s Open com.example.tryingPatrolMarathonIos
D 11:11:42.950 [DefaultDispatcher-worker-13 @coroutine#628] <DebugLogPrinter>     t =     0.02s     Launch com.example.tryingPatrolMarathonIos
D 11:11:43.375 [AppleSimulatorDevice - execution - local-1 @coroutine#629] <c.m.m.apple.ios.AppleSimulatorDevice> Transferred 17278016846527382634.png to/from BCE1DF2D-4C6B-468E-9AC6-0F143386FCDE@local. 991333,33 KB/s (2974411 bytes in 0,0030)
D 11:11:43.560 [DefaultDispatcher-worker-13 @coroutine#628] <DebugLogPrinter>     t =     0.63s         Setting up automation session
D 11:11:43.836 [AppleSimulatorDevice - execution - local-7 @coroutine#629] <c.m.m.apple.ios.AppleSimulatorDevice> Transferred 9908683747107726404.png to/from BCE1DF2D-4C6B-468E-9AC6-0F143386FCDE@local. 481000,00 KB/s (481820 bytes in 0,0010)
D 11:11:43.891 [DefaultDispatcher-worker-13 @coroutine#628] <DebugLogPrinter>     t =     0.96s         Wait for com.example.tryingPatrolMarathonIos to idle
D 11:11:44.289 [DefaultDispatcher-worker-7 @coroutine#628] <DebugLogPrinter> 2025-10-31 11:11:44.288 RunnerUITests-Runner[96909:9934342] PatrolServer: INFO: App reported that it is ready
D 11:11:45.484 [AppleSimulatorDevice - execution - local-8 @coroutine#629] <c.m.m.apple.ios.AppleSimulatorDevice> Transferred 12138081861737422357.png to/from BCE1DF2D-4C6B-468E-9AC6-0F143386FCDE@local. 88000,00 KB/s (88810 bytes in 0,0010)
D 11:11:45.889 [AppleSimulatorDevice - execution - local-4 @coroutine#629] <c.m.m.apple.ios.AppleSimulatorDevice> Transferred 9331441629208909811.png to/from BCE1DF2D-4C6B-468E-9AC6-0F143386FCDE@local. 88000,00 KB/s (88810 bytes in 0,0010)
D 11:11:46.286 [AppleSimulatorDevice - execution - local-5 @coroutine#629] <c.m.m.apple.ios.AppleSimulatorDevice> Transferred 4269503704894105343.png to/from BCE1DF2D-4C6B-468E-9AC6-0F143386FCDE@local. 88000,00 KB/s (88810 bytes in 0,0010)
D 11:11:46.303 [DefaultDispatcher-worker-2 @coroutine#628] <DebugLogPrinter> 2025-10-31 11:11:46.302 RunnerUITests-Runner[96909:9934310] PatrolAppServiceClient.runDartTest(example2_test_counter_state_is_the_same_after_going_to_home_and_switching_apps)
D 11:11:46.661 [DefaultDispatcher-worker-9 @coroutine#628] <DebugLogPrinter> 2025-10-31 11:11:46.660 RunnerUITests-Runner[96909:9934310] PatrolServer: INFO: pressing home button...
D 11:11:46.661 [DefaultDispatcher-worker-9 @coroutine#628] <DebugLogPrinter>     t =     3.74s Pressing Home button
D 11:11:47.123 [DefaultDispatcher-worker-4 @coroutine#628] <DebugLogPrinter> 2025-10-31 11:11:47.122 RunnerUITests-Runner[96909:9934310] PatrolServer: INFO: done pressing home button
D 11:11:47.125 [DefaultDispatcher-worker-12 @coroutine#628] <DebugLogPrinter> 2025-10-31 11:11:47.124 RunnerUITests-Runner[96909:9934310] PatrolServer: INFO: result: ()
D 11:11:47.149 [DefaultDispatcher-worker-6 @coroutine#628] <DebugLogPrinter> 2025-10-31 11:11:47.147 RunnerUITests-Runner[96909:9934348] runDartTest("example2_test_counter_state_is_the_same_after_going_to_home_and_switching_apps"): call finished, test result: PASSED
D 11:11:47.208 [AppleSimulatorDevice - execution - local-7 @coroutine#629] <c.m.m.apple.ios.AppleSimulatorDevice> Transferred 2849783168351748904.png to/from BCE1DF2D-4C6B-468E-9AC6-0F143386FCDE@local. 786000,00 KB/s (1572308 bytes in 0,0020)
D 11:11:47.315 [DefaultDispatcher-worker-14 @coroutine#628] <DebugLogPrinter>     t =     4.39s Tear Down
D 11:11:47.521 [DefaultDispatcher-worker-4 @coroutine#628] <TestRunProgressParser> Test RunnerUITests.RunnerUITests.example2_test_counter_state_is_the_same_after_going_to_home_and_switching_apps finished with result <passed> after 4.595 seconds
D 11:11:47.521 [DefaultDispatcher-worker-4 @coroutine#628] <DebugLogPrinter> Test Case '-[RunnerUITests example2_test_counter_state_is_the_same_after_going_to_home_and_switching_apps]' passed (4.595 seconds).
I 11:11:47.521 [AppleSimulatorDevice - execution - local-3 @execute BCE1DF2D-4C6B-468E-9AC6-0F143386FCDE@local#595] <DebugTestRunListener> testPassed BCE1DF2D-4C6B-468E-9AC6-0F143386FCDE@local test = Test(pkg=RunnerUITests, clazz=RunnerUITests, method=example2_test_counter_state_is_the_same_after_going_to_home_and_switching_apps, metaProperties=[]), timespan = [1761898302926,1761898307521]
D 11:11:47.522 [AppleSimulatorDevice - execution - local-3 @execute BCE1DF2D-4C6B-468E-9AC6-0F143386FCDE@local#595] <ScreenCapturerTestRunListener> Finished recording for RunnerUITests.example2_test_counter_state_is_the_same_after_going_to_home_and_switching_apps
D 11:11:47.522 [DefaultDispatcher-worker-9 @coroutine#628] <DebugLogPrinter> Test Suite 'RunnerUITests' passed at 2025-10-31 11:11:47.521.
D 11:11:47.522 [DefaultDispatcher-worker-9 @coroutine#628] <DebugLogPrinter> 	 Executed 1 test, with 0 failures (0 unexpected) in 4.595 (4.595) seconds
D 11:11:47.524 [DefaultDispatcher-worker-4 @coroutine#628] <DebugLogPrinter> Test Suite 'RunnerUITests.xctest' passed at 2025-10-31 11:11:47.521.
D 11:11:47.524 [DefaultDispatcher-worker-4 @coroutine#628] <DebugLogPrinter> 	 Executed 1 test, with 0 failures (0 unexpected) in 4.595 (4.596) seconds
D 11:11:47.524 [DefaultDispatcher-worker-4 @coroutine#628] <DebugLogPrinter> Test Suite 'Selected tests' passed at 2025-10-31 11:11:47.521.
D 11:11:47.524 [DefaultDispatcher-worker-4 @coroutine#628] <DebugLogPrinter> 	 Executed 1 test, with 0 failures (0 unexpected) in 4.595 (4.597) seconds
D 11:11:47.809 [DefaultDispatcher-worker-7 @coroutine#628] <DebugLogPrinter> 
D 11:11:47.809 [DefaultDispatcher-worker-7 @coroutine#628] <DebugLogPrinter> Test session results, code coverage, and logs:
D 11:11:47.809 [DefaultDispatcher-worker-7 @coroutine#628] <DebugLogPrinter> 	/tmp/marathon/BCE1DF2D-4C6B-468E-9AC6-0F143386FCDE/BCE1DF2D-4C6B-468E-9AC6-0F143386FCDE.3cefa5f6-fcdd-411e-9f02-787c45145dcc.xcresult
D 11:11:47.809 [DefaultDispatcher-worker-7 @coroutine#628] <DebugLogPrinter> 
D 11:11:47.809 [DefaultDispatcher-worker-7 @coroutine#628] <DebugLogPrinter> ** TEST EXECUTE SUCCEEDED **
D 11:11:47.809 [DefaultDispatcher-worker-7 @coroutine#628] <DebugLogPrinter> 
E 11:11:47.836 [DefaultDispatcher-worker-8 @coroutine#709] <c.m.m.apple.ios.AppleSimulatorDevice> simulator BCE1DF2D-4C6B-468E-9AC6-0F143386FCDE: stderr=--- xcodebuild: WARNING: Using the first of multiple matching destinations:
D 11:11:47.836 [DefaultDispatcher-worker-8 @coroutine#709] <DebugLogPrinter> --- xcodebuild: WARNING: Using the first of multiple matching destinations:
E 11:11:47.836 [DefaultDispatcher-worker-8 @coroutine#709] <c.m.m.apple.ios.AppleSimulatorDevice> simulator BCE1DF2D-4C6B-468E-9AC6-0F143386FCDE: stderr={ platform:iOS Simulator, id:BCE1DF2D-4C6B-468E-9AC6-0F143386FCDE, OS:18.3.1, name:iPhone 16 }
D 11:11:47.836 [DefaultDispatcher-worker-8 @coroutine#709] <DebugLogPrinter> { platform:iOS Simulator, id:BCE1DF2D-4C6B-468E-9AC6-0F143386FCDE, OS:18.3.1, name:iPhone 16 }
E 11:11:47.836 [DefaultDispatcher-worker-8 @coroutine#709] <c.m.m.apple.ios.AppleSimulatorDevice> simulator BCE1DF2D-4C6B-468E-9AC6-0F143386FCDE: stderr={ platform:iOS Simulator, id:BCE1DF2D-4C6B-468E-9AC6-0F143386FCDE, OS:18.3.1, name:iPhone 16 }
D 11:11:47.836 [DefaultDispatcher-worker-8 @coroutine#709] <DebugLogPrinter> { platform:iOS Simulator, id:BCE1DF2D-4C6B-468E-9AC6-0F143386FCDE, OS:18.3.1, name:iPhone 16 }
E 11:11:47.836 [DefaultDispatcher-worker-8 @coroutine#709] <c.m.m.apple.ios.AppleSimulatorDevice> simulator BCE1DF2D-4C6B-468E-9AC6-0F143386FCDE: stderr=2025-10-31 11:11:47.799 xcodebuild[96902:9934200] [MT] IDETestOperationsObserverDebug: 6.479 elapsed -- Testing started completed.
D 11:11:47.836 [DefaultDispatcher-worker-8 @coroutine#709] <DebugLogPrinter> 2025-10-31 11:11:47.799 xcodebuild[96902:9934200] [MT] IDETestOperationsObserverDebug: 6.479 elapsed -- Testing started completed.
E 11:11:47.836 [DefaultDispatcher-worker-8 @coroutine#709] <c.m.m.apple.ios.AppleSimulatorDevice> simulator BCE1DF2D-4C6B-468E-9AC6-0F143386FCDE: stderr=2025-10-31 11:11:47.799 xcodebuild[96902:9934200] [MT] IDETestOperationsObserverDebug: 0.000 sec, +0.000 sec -- start
D 11:11:47.836 [DefaultDispatcher-worker-8 @coroutine#709] <DebugLogPrinter> 2025-10-31 11:11:47.799 xcodebuild[96902:9934200] [MT] IDETestOperationsObserverDebug: 0.000 sec, +0.000 sec -- start
E 11:11:47.836 [DefaultDispatcher-worker-8 @coroutine#709] <c.m.m.apple.ios.AppleSimulatorDevice> simulator BCE1DF2D-4C6B-468E-9AC6-0F143386FCDE: stderr=2025-10-31 11:11:47.799 xcodebuild[96902:9934200] [MT] IDETestOperationsObserverDebug: 6.479 sec, +6.479 sec -- end
D 11:11:47.836 [DefaultDispatcher-worker-8 @coroutine#709] <DebugLogPrinter> 2025-10-31 11:11:47.799 xcodebuild[96902:9934200] [MT] IDETestOperationsObserverDebug: 6.479 sec, +6.479 sec -- end
D 11:11:47.836 [DefaultDispatcher-worker-8 @coroutine#624] <c.m.m.apple.ios.AppleSimulatorDevice> Finished test batch execution with exit status 0
D 11:11:47.836 [AppleSimulatorDevice - execution - local-8 @execute BCE1DF2D-4C6B-468E-9AC6-0F143386FCDE@local#595] <c.m.marathon.apple.AppleDeviceTestRunner> Execution finished
D 11:11:47.871 [AppleSimulatorDevice - execution - local-1 @execute BCE1DF2D-4C6B-468E-9AC6-0F143386FCDE@local#595] <c.m.m.apple.ios.AppleSimulatorDevice> Transferred 3cefa5f6-fcdd-411e-9f02-787c45145dcc.3cefa5f6-fcdd-411e-9f02-787c45145dcc to/from BCE1DF2D-4C6B-468E-9AC6-0F143386FCDE@local. 706750,00 KB/s (2827633 bytes in 0,0040)
D 11:11:47.872 [AppleSimulatorDevice - execution - local-1 @execute BCE1DF2D-4C6B-468E-9AC6-0F143386FCDE@local#595] <c.m.m.a.i.listener.log.DeviceLogListener> Pulling finished in 5ms /tmp/marathon/BCE1DF2D-4C6B-468E-9AC6-0F143386FCDE/device.log 
I 11:11:47.872 [AppleSimulatorDevice - execution - local-1 @execute BCE1DF2D-4C6B-468E-9AC6-0F143386FCDE@local#595] <DebugTestRunListener> afterTestRun
I 11:11:47.872 [AppleSimulatorDevice - execution - local-1 @execute BCE1DF2D-4C6B-468E-9AC6-0F143386FCDE@local#595] <c.m.m.a.listener.ArtifactFinderListener> Session results available at /tmp/marathon/BCE1DF2D-4C6B-468E-9AC6-0F143386FCDE/BCE1DF2D-4C6B-468E-9AC6-0F143386FCDE.3cefa5f6-fcdd-411e-9f02-787c45145dcc.xcresult
D 11:11:47.879 [main @coroutine#179] <QueueActor[DevicePoolId(name=omni)]> handle test results BCE1DF2D-4C6B-468E-9AC6-0F143386FCDE@local
50% | [omni]-[BCE1DF2D-4C6B-468E-9AC6-0F143386FCDE@local] RunnerUITests.RunnerUITests#example2_test_counter_state_is_the_same_after_going_to_home_and_switching_apps passed
D 11:11:47.879 [main @coroutine#179] <QueueActor[DevicePoolId(name=omni)]> request next batch for device BCE1DF2D-4C6B-468E-9AC6-0F143386FCDE@local
D 11:11:47.879 [main @coroutine#179] <QueueActor[DevicePoolId(name=omni)]> sending next batch for device BCE1DF2D-4C6B-468E-9AC6-0F143386FCDE@local
D 11:11:47.879 [main @coroutine#178] <DevicePoolActor[omni]> Notify devices
D 11:11:47.879 [main @coroutine#180] <DevicePool[omni]_DeviceActor[BCE1DF2D-4C6B-468E-9AC6-0F143386FCDE@local]> executeBatch BCE1DF2D-4C6B-468E-9AC6-0F143386FCDE@local
D 11:11:47.879 [AppleSimulatorDevice - execution - local-3 @execute BCE1DF2D-4C6B-468E-9AC6-0F143386FCDE@local#736] <c.m.marathon.apple.AppleDeviceTestRunner> Remote xctestrun = /tmp/marathon/BCE1DF2D-4C6B-468E-9AC6-0F143386FCDE/marathon.xctestrun
D 11:11:47.879 [AppleSimulatorDevice - execution - local-3 @execute BCE1DF2D-4C6B-468E-9AC6-0F143386FCDE@local#736] <c.m.marathon.apple.AppleDeviceTestRunner> Tests = [Test(pkg=RunnerUITests, clazz=RunnerUITests, method=example1_test_counter_state_is_the_same_after_going_to_home_and_switching_apps, metaProperties=[])]
D 11:11:48.248 [AppleSimulatorDevice - execution - local-8 @coroutine#765] <c.m.m.a.bin.xcrun.xcodebuild.Xcodebuild> Running xcrun xcodebuild test-without-building -xctestrun /tmp/marathon/BCE1DF2D-4C6B-468E-9AC6-0F143386FCDE/marathon.xctestrun '-only-testing:RunnerUITests/RunnerUITests/example1_test_counter_state_is_the_same_after_going_to_home_and_switching_apps' -enableCodeCoverage NO -resultBundlePath /tmp/marathon/BCE1DF2D-4C6B-468E-9AC6-0F143386FCDE/BCE1DF2D-4C6B-468E-9AC6-0F143386FCDE.b1e502a3-8400-4d09-9e72-69de362ca338.xcresult -destination-timeout 30 -destination 'platform=iOS Simulator,id=BCE1DF2D-4C6B-468E-9AC6-0F143386FCDE'
D 11:11:48.793 [DefaultDispatcher-worker-8 @coroutine#769] <DebugLogPrinter> Command line invocation:
D 11:11:48.793 [DefaultDispatcher-worker-8 @coroutine#769] <DebugLogPrinter>     /Applications/Xcode.app/Contents/Developer/usr/bin/xcodebuild test-without-building -xctestrun /tmp/marathon/BCE1DF2D-4C6B-468E-9AC6-0F143386FCDE/marathon.xctestrun "-only-testing:RunnerUITests/RunnerUITests/example1_test_counter_state_is_the_same_after_going_to_home_and_switching_apps" -enableCodeCoverage NO -resultBundlePath /tmp/marathon/BCE1DF2D-4C6B-468E-9AC6-0F143386FCDE/BCE1DF2D-4C6B-468E-9AC6-0F143386FCDE.b1e502a3-8400-4d09-9e72-69de362ca338.xcresult -destination-timeout 30 -destination "platform=iOS Simulator,id=BCE1DF2D-4C6B-468E-9AC6-0F143386FCDE"
D 11:11:48.793 [DefaultDispatcher-worker-8 @coroutine#769] <DebugLogPrinter> 
D 11:11:48.793 [DefaultDispatcher-worker-8 @coroutine#769] <DebugLogPrinter> User defaults from command line:
D 11:11:48.793 [DefaultDispatcher-worker-8 @coroutine#769] <DebugLogPrinter>     IDEBuildOperationResultBundlePath = /tmp/marathon/BCE1DF2D-4C6B-468E-9AC6-0F143386FCDE/BCE1DF2D-4C6B-468E-9AC6-0F143386FCDE.b1e502a3-8400-4d09-9e72-69de362ca338.xcresult
D 11:11:48.793 [DefaultDispatcher-worker-8 @coroutine#769] <DebugLogPrinter>     IDEPackageSupportUseBuiltinSCM = YES
D 11:11:48.793 [DefaultDispatcher-worker-8 @coroutine#769] <DebugLogPrinter> 
D 11:11:48.894 [DefaultDispatcher-worker-8 @coroutine#769] <DebugLogPrinter> Writing result bundle at path:
D 11:11:48.894 [DefaultDispatcher-worker-8 @coroutine#769] <DebugLogPrinter> 	/tmp/marathon/BCE1DF2D-4C6B-468E-9AC6-0F143386FCDE/BCE1DF2D-4C6B-468E-9AC6-0F143386FCDE.b1e502a3-8400-4d09-9e72-69de362ca338.xcresult
D 11:11:48.894 [DefaultDispatcher-worker-8 @coroutine#769] <DebugLogPrinter> 
D 11:11:48.977 [DefaultDispatcher-worker-8 @coroutine#769] <DebugLogPrinter> Testing started
D 11:11:50.522 [DefaultDispatcher-worker-11 @coroutine#769] <DebugLogPrinter> 2025-10-31 11:11:50.518 RunnerUITests-Runner[96978:9935034] Running tests without clearing permissions
D 11:11:50.522 [DefaultDispatcher-worker-11 @coroutine#769] <DebugLogPrinter> 2025-10-31 11:11:50.518 RunnerUITests-Runner[96978:9935034] PatrolServer: INFO: PATROL_TEST_PORT is null, falling back to default (8081)
D 11:11:50.522 [DefaultDispatcher-worker-11 @coroutine#769] <DebugLogPrinter> 2025-10-31 11:11:50.518 RunnerUITests-Runner[96978:9935034] PatrolServer: INFO: PatrolServer constructor called
D 11:11:50.522 [DefaultDispatcher-worker-11 @coroutine#769] <DebugLogPrinter> 2025-10-31 11:11:50.518 RunnerUITests-Runner[96978:9935034] PatrolServer: INFO: PATROL_ENABLED flag is defined
D 11:11:50.528 [DefaultDispatcher-worker-1 @coroutine#769] <DebugLogPrinter> 2025-10-31 11:11:50.522 RunnerUITests-Runner[96978:9935034] PatrolServer: INFO: Starting server...
D 11:11:50.528 [DefaultDispatcher-worker-1 @coroutine#769] <DebugLogPrinter> 2025-10-31 11:11:50.523 RunnerUITests-Runner[96978:9935034] PatrolServer: INFO: Server started on http://0.0.0.0:8081
D 11:11:50.528 [DefaultDispatcher-worker-1 @coroutine#769] <DebugLogPrinter> 2025-10-31 11:11:50.523 RunnerUITests-Runner[96978:9935034] PatrolServer: INFO: PATROL_APP_PORT is null, falling back to default (8082)
D 11:11:50.528 [DefaultDispatcher-worker-1 @coroutine#769] <DebugLogPrinter> 2025-10-31 11:11:50.523 RunnerUITests-Runner[96978:9935034] PatrolAppServiceClient: created, port: 8082
D 11:11:50.528 [DefaultDispatcher-worker-1 @coroutine#769] <DebugLogPrinter>     t =      nans Checking existence of `"Allow" Button`
D 11:11:50.568 [DefaultDispatcher-worker-11 @coroutine#769] <DebugLogPrinter>     t =      nans Ignoring failure to get hierarchy for remote element in process 96451 (Error getting main window kAXErrorServerNotFound)
D 11:11:50.569 [DefaultDispatcher-worker-8 @coroutine#769] <DebugLogPrinter>     t =      nans Ignoring failure to get hierarchy for remote element in process 96451 (Error getting main window kAXErrorServerNotFound)
D 11:11:50.569 [DefaultDispatcher-worker-8 @coroutine#769] <DebugLogPrinter> 2025-10-31 11:11:50.568 RunnerUITests-Runner[96978:9935034] selectedTest: {
D 11:11:50.569 [DefaultDispatcher-worker-8 @coroutine#769] <DebugLogPrinter>     name = "example1_test_counter_state_is_the_same_after_going_to_home_and_switching_apps";
D 11:11:50.569 [DefaultDispatcher-worker-8 @coroutine#769] <DebugLogPrinter>     skip = 0;
D 11:11:50.569 [DefaultDispatcher-worker-8 @coroutine#769] <DebugLogPrinter> }
D 11:11:50.569 [DefaultDispatcher-worker-8 @coroutine#769] <DebugLogPrinter> 2025-10-31 11:11:50.569 RunnerUITests-Runner[96978:9935034] RunnerUITests.testInvocations(): selectorName = example1_test_counter_state_is_the_same_after_going_to_home_and_switching_apps, signature: <NSMethodSignature: 0x91ffb6661e159faf>
D 11:11:50.574 [DefaultDispatcher-worker-6 @coroutine#769] <DebugLogPrinter> Test Suite 'Selected tests' started at 2025-10-31 11:11:50.574.
D 11:11:50.575 [DefaultDispatcher-worker-8 @coroutine#769] <DebugLogPrinter> Test Suite 'RunnerUITests.xctest' started at 2025-10-31 11:11:50.574.
D 11:11:50.575 [DefaultDispatcher-worker-8 @coroutine#769] <DebugLogPrinter> Test Suite 'RunnerUITests' started at 2025-10-31 11:11:50.574.
D 11:11:50.577 [DefaultDispatcher-worker-1 @coroutine#769] <DebugLogPrinter> Test Case '-[RunnerUITests example1_test_counter_state_is_the_same_after_going_to_home_and_switching_apps]' started.
D 11:11:50.577 [DefaultDispatcher-worker-1 @coroutine#769] <DebugLogPrinter>     t =     0.00s Start Test at 2025-10-31 11:11:50.575
I 11:11:50.577 [AppleSimulatorDevice - execution - local-1 @execute BCE1DF2D-4C6B-468E-9AC6-0F143386FCDE@local#736] <DebugTestRunListener> testStarted BCE1DF2D-4C6B-468E-9AC6-0F143386FCDE@local test = Test(pkg=RunnerUITests, clazz=RunnerUITests, method=example1_test_counter_state_is_the_same_after_going_to_home_and_switching_apps, metaProperties=[])
D 11:11:50.577 [AppleSimulatorDevice - execution - local-1 @execute BCE1DF2D-4C6B-468E-9AC6-0F143386FCDE@local#736] <ScreenCapturerTestRunListener> Starting recording for RunnerUITests.example1_test_counter_state_is_the_same_after_going_to_home_and_switching_apps
D 11:11:50.585 [DefaultDispatcher-worker-8 @coroutine#769] <DebugLogPrinter>     t =     0.01s Set Up
D 11:11:50.588 [DefaultDispatcher-worker-11 @coroutine#769] <DebugLogPrinter>     t =     0.01s Open com.example.tryingPatrolMarathonIos
D 11:11:50.597 [DefaultDispatcher-worker-12 @coroutine#769] <DebugLogPrinter>     t =     0.02s     Launch com.example.tryingPatrolMarathonIos
D 11:11:51.005 [AppleSimulatorDevice - execution - local-3 @coroutine#770] <c.m.m.apple.ios.AppleSimulatorDevice> Transferred 18130450472087586895.png to/from BCE1DF2D-4C6B-468E-9AC6-0F143386FCDE@local. 743250,00 KB/s (2973934 bytes in 0,0040)
D 11:11:51.206 [DefaultDispatcher-worker-14 @coroutine#769] <DebugLogPrinter>     t =     0.63s         Setting up automation session
D 11:11:51.470 [AppleSimulatorDevice - execution - local-2 @coroutine#770] <c.m.m.apple.ios.AppleSimulatorDevice> Transferred 14278139180026596565.png to/from BCE1DF2D-4C6B-468E-9AC6-0F143386FCDE@local. 570000,00 KB/s (570847 bytes in 0,0010)
D 11:11:51.535 [DefaultDispatcher-worker-6 @coroutine#769] <DebugLogPrinter>     t =     0.96s         Wait for com.example.tryingPatrolMarathonIos to idle
D 11:11:51.906 [AppleSimulatorDevice - execution - local-6 @coroutine#770] <c.m.m.apple.ios.AppleSimulatorDevice> Transferred 13170978618281986518.png to/from BCE1DF2D-4C6B-468E-9AC6-0F143386FCDE@local. 64000,00 KB/s (64024 bytes in 0,0010)
D 11:11:51.935 [DefaultDispatcher-worker-7 @coroutine#769] <DebugLogPrinter> 2025-10-31 11:11:51.934 RunnerUITests-Runner[96978:9935102] PatrolServer: INFO: App reported that it is ready
D 11:11:52.313 [AppleSimulatorDevice - execution - local-4 @coroutine#770] <c.m.m.apple.ios.AppleSimulatorDevice> Transferred 8470630768619919346.png to/from BCE1DF2D-4C6B-468E-9AC6-0F143386FCDE@local. 101000,00 KB/s (101350 bytes in 0,0010)
D 11:11:53.498 [AppleSimulatorDevice - execution - local-1 @coroutine#770] <c.m.m.apple.ios.AppleSimulatorDevice> Transferred 3868007641520618279.png to/from BCE1DF2D-4C6B-468E-9AC6-0F143386FCDE@local. 88000,00 KB/s (88810 bytes in 0,0010)
D 11:11:53.949 [DefaultDispatcher-worker-13 @coroutine#769] <DebugLogPrinter> 2025-10-31 11:11:53.947 RunnerUITests-Runner[96978:9935034] PatrolAppServiceClient.runDartTest(example1_test_counter_state_is_the_same_after_going_to_home_and_switching_apps)
D 11:11:54.313 [DefaultDispatcher-worker-9 @coroutine#769] <DebugLogPrinter> 2025-10-31 11:11:54.311 RunnerUITests-Runner[96978:9935034] PatrolServer: INFO: pressing home button...
D 11:11:54.313 [DefaultDispatcher-worker-9 @coroutine#769] <DebugLogPrinter>     t =     3.74s Pressing Home button
D 11:11:54.688 [AppleSimulatorDevice - execution - local-2 @coroutine#770] <c.m.m.apple.ios.AppleSimulatorDevice> Transferred 6248838041361863222.png to/from BCE1DF2D-4C6B-468E-9AC6-0F143386FCDE@local. 105000,00 KB/s (105555 bytes in 0,0010)
D 11:11:54.779 [DefaultDispatcher-worker-8 @coroutine#769] <DebugLogPrinter> 2025-10-31 11:11:54.778 RunnerUITests-Runner[96978:9935034] PatrolServer: INFO: done pressing home button
D 11:11:54.781 [DefaultDispatcher-worker-12 @coroutine#769] <DebugLogPrinter> 2025-10-31 11:11:54.780 RunnerUITests-Runner[96978:9935034] PatrolServer: INFO: result: ()
D 11:11:54.805 [DefaultDispatcher-worker-7 @coroutine#769] <DebugLogPrinter> 2025-10-31 11:11:54.804 RunnerUITests-Runner[96978:9935098] runDartTest("example1_test_counter_state_is_the_same_after_going_to_home_and_switching_apps"): call finished, test result: PASSED
D 11:11:54.956 [DefaultDispatcher-worker-7 @coroutine#769] <DebugLogPrinter>     t =     4.38s Tear Down
D 11:11:55.158 [DefaultDispatcher-worker-3 @coroutine#769] <TestRunProgressParser> Test RunnerUITests.RunnerUITests.example1_test_counter_state_is_the_same_after_going_to_home_and_switching_apps finished with result <passed> after 4.584 seconds
D 11:11:55.158 [DefaultDispatcher-worker-3 @coroutine#769] <DebugLogPrinter> Test Case '-[RunnerUITests example1_test_counter_state_is_the_same_after_going_to_home_and_switching_apps]' passed (4.584 seconds).
D 11:11:55.158 [DefaultDispatcher-worker-3 @coroutine#769] <DebugLogPrinter> Test Suite 'RunnerUITests' passed at 2025-10-31 11:11:55.158.
D 11:11:55.158 [DefaultDispatcher-worker-3 @coroutine#769] <DebugLogPrinter> 	 Executed 1 test, with 0 failures (0 unexpected) in 4.584 (4.584) seconds
I 11:11:55.159 [AppleSimulatorDevice - execution - local-6 @execute BCE1DF2D-4C6B-468E-9AC6-0F143386FCDE@local#736] <DebugTestRunListener> testPassed BCE1DF2D-4C6B-468E-9AC6-0F143386FCDE@local test = Test(pkg=RunnerUITests, clazz=RunnerUITests, method=example1_test_counter_state_is_the_same_after_going_to_home_and_switching_apps, metaProperties=[]), timespan = [1761898310574,1761898315158]
D 11:11:55.159 [AppleSimulatorDevice - execution - local-6 @execute BCE1DF2D-4C6B-468E-9AC6-0F143386FCDE@local#736] <ScreenCapturerTestRunListener> Finished recording for RunnerUITests.example1_test_counter_state_is_the_same_after_going_to_home_and_switching_apps
D 11:11:55.159 [DefaultDispatcher-worker-3 @coroutine#769] <DebugLogPrinter> Test Suite 'RunnerUITests.xctest' passed at 2025-10-31 11:11:55.159.
D 11:11:55.159 [DefaultDispatcher-worker-3 @coroutine#769] <DebugLogPrinter> 	 Executed 1 test, with 0 failures (0 unexpected) in 4.584 (4.584) seconds
D 11:11:55.161 [DefaultDispatcher-worker-14 @coroutine#769] <DebugLogPrinter> Test Suite 'Selected tests' passed at 2025-10-31 11:11:55.159.
D 11:11:55.162 [DefaultDispatcher-worker-14 @coroutine#769] <DebugLogPrinter> 	 Executed 1 test, with 0 failures (0 unexpected) in 4.584 (4.585) seconds
D 11:11:55.449 [DefaultDispatcher-worker-1 @coroutine#769] <DebugLogPrinter> 
D 11:11:55.449 [DefaultDispatcher-worker-1 @coroutine#769] <DebugLogPrinter> Test session results, code coverage, and logs:
D 11:11:55.449 [DefaultDispatcher-worker-1 @coroutine#769] <DebugLogPrinter> 	/tmp/marathon/BCE1DF2D-4C6B-468E-9AC6-0F143386FCDE/BCE1DF2D-4C6B-468E-9AC6-0F143386FCDE.b1e502a3-8400-4d09-9e72-69de362ca338.xcresult
D 11:11:55.449 [DefaultDispatcher-worker-1 @coroutine#769] <DebugLogPrinter> 
D 11:11:55.449 [DefaultDispatcher-worker-1 @coroutine#769] <DebugLogPrinter> ** TEST EXECUTE SUCCEEDED **
D 11:11:55.449 [DefaultDispatcher-worker-1 @coroutine#769] <DebugLogPrinter> 
E 11:11:55.480 [DefaultDispatcher-worker-1 @coroutine#850] <c.m.m.apple.ios.AppleSimulatorDevice> simulator BCE1DF2D-4C6B-468E-9AC6-0F143386FCDE: stderr=--- xcodebuild: WARNING: Using the first of multiple matching destinations:
D 11:11:55.480 [DefaultDispatcher-worker-1 @coroutine#850] <DebugLogPrinter> --- xcodebuild: WARNING: Using the first of multiple matching destinations:
E 11:11:55.480 [DefaultDispatcher-worker-1 @coroutine#850] <c.m.m.apple.ios.AppleSimulatorDevice> simulator BCE1DF2D-4C6B-468E-9AC6-0F143386FCDE: stderr={ platform:iOS Simulator, id:BCE1DF2D-4C6B-468E-9AC6-0F143386FCDE, OS:18.3.1, name:iPhone 16 }
D 11:11:55.480 [DefaultDispatcher-worker-1 @coroutine#850] <DebugLogPrinter> { platform:iOS Simulator, id:BCE1DF2D-4C6B-468E-9AC6-0F143386FCDE, OS:18.3.1, name:iPhone 16 }
E 11:11:55.480 [DefaultDispatcher-worker-1 @coroutine#850] <c.m.m.apple.ios.AppleSimulatorDevice> simulator BCE1DF2D-4C6B-468E-9AC6-0F143386FCDE: stderr={ platform:iOS Simulator, id:BCE1DF2D-4C6B-468E-9AC6-0F143386FCDE, OS:18.3.1, name:iPhone 16 }
D 11:11:55.480 [DefaultDispatcher-worker-1 @coroutine#850] <DebugLogPrinter> { platform:iOS Simulator, id:BCE1DF2D-4C6B-468E-9AC6-0F143386FCDE, OS:18.3.1, name:iPhone 16 }
E 11:11:55.480 [DefaultDispatcher-worker-1 @coroutine#850] <c.m.m.apple.ios.AppleSimulatorDevice> simulator BCE1DF2D-4C6B-468E-9AC6-0F143386FCDE: stderr=2025-10-31 11:11:55.441 xcodebuild[96974:9934941] [MT] IDETestOperationsObserverDebug: 6.465 elapsed -- Testing started completed.
D 11:11:55.480 [DefaultDispatcher-worker-1 @coroutine#850] <DebugLogPrinter> 2025-10-31 11:11:55.441 xcodebuild[96974:9934941] [MT] IDETestOperationsObserverDebug: 6.465 elapsed -- Testing started completed.
E 11:11:55.480 [DefaultDispatcher-worker-1 @coroutine#850] <c.m.m.apple.ios.AppleSimulatorDevice> simulator BCE1DF2D-4C6B-468E-9AC6-0F143386FCDE: stderr=2025-10-31 11:11:55.441 xcodebuild[96974:9934941] [MT] IDETestOperationsObserverDebug: 0.000 sec, +0.000 sec -- start
D 11:11:55.480 [DefaultDispatcher-worker-1 @coroutine#850] <DebugLogPrinter> 2025-10-31 11:11:55.441 xcodebuild[96974:9934941] [MT] IDETestOperationsObserverDebug: 0.000 sec, +0.000 sec -- start
E 11:11:55.480 [DefaultDispatcher-worker-1 @coroutine#850] <c.m.m.apple.ios.AppleSimulatorDevice> simulator BCE1DF2D-4C6B-468E-9AC6-0F143386FCDE: stderr=2025-10-31 11:11:55.441 xcodebuild[96974:9934941] [MT] IDETestOperationsObserverDebug: 6.465 sec, +6.465 sec -- end
D 11:11:55.480 [DefaultDispatcher-worker-1 @coroutine#850] <DebugLogPrinter> 2025-10-31 11:11:55.441 xcodebuild[96974:9934941] [MT] IDETestOperationsObserverDebug: 6.465 sec, +6.465 sec -- end
D 11:11:55.480 [DefaultDispatcher-worker-1 @coroutine#765] <c.m.m.apple.ios.AppleSimulatorDevice> Finished test batch execution with exit status 0
D 11:11:55.480 [AppleSimulatorDevice - execution - local-8 @execute BCE1DF2D-4C6B-468E-9AC6-0F143386FCDE@local#736] <c.m.marathon.apple.AppleDeviceTestRunner> Execution finished
D 11:11:55.516 [AppleSimulatorDevice - execution - local-3 @execute BCE1DF2D-4C6B-468E-9AC6-0F143386FCDE@local#736] <c.m.m.apple.ios.AppleSimulatorDevice> Transferred b1e502a3-8400-4d09-9e72-69de362ca338.b1e502a3-8400-4d09-9e72-69de362ca338 to/from BCE1DF2D-4C6B-468E-9AC6-0F143386FCDE@local. 734500,00 KB/s (2938466 bytes in 0,0040)
D 11:11:55.516 [AppleSimulatorDevice - execution - local-3 @execute BCE1DF2D-4C6B-468E-9AC6-0F143386FCDE@local#736] <c.m.m.a.i.listener.log.DeviceLogListener> Pulling finished in 4ms /tmp/marathon/BCE1DF2D-4C6B-468E-9AC6-0F143386FCDE/device.log 
I 11:11:55.516 [AppleSimulatorDevice - execution - local-3 @execute BCE1DF2D-4C6B-468E-9AC6-0F143386FCDE@local#736] <DebugTestRunListener> afterTestRun
I 11:11:55.517 [AppleSimulatorDevice - execution - local-3 @execute BCE1DF2D-4C6B-468E-9AC6-0F143386FCDE@local#736] <c.m.m.a.listener.ArtifactFinderListener> Session results available at /tmp/marathon/BCE1DF2D-4C6B-468E-9AC6-0F143386FCDE/BCE1DF2D-4C6B-468E-9AC6-0F143386FCDE.b1e502a3-8400-4d09-9e72-69de362ca338.xcresult
D 11:11:55.525 [main @coroutine#179] <QueueActor[DevicePoolId(name=omni)]> handle test results BCE1DF2D-4C6B-468E-9AC6-0F143386FCDE@local
75% | [omni]-[BCE1DF2D-4C6B-468E-9AC6-0F143386FCDE@local] RunnerUITests.RunnerUITests#example1_test_counter_state_is_the_same_after_going_to_home_and_switching_apps passed
D 11:11:55.525 [main @coroutine#179] <QueueActor[DevicePoolId(name=omni)]> request next batch for device BCE1DF2D-4C6B-468E-9AC6-0F143386FCDE@local
D 11:11:55.526 [main @coroutine#178] <DevicePoolActor[omni]> pool DevicePoolId(name=omni): onQueueTerminated
D 11:11:55.526 [main @coroutine#178] <DevicePoolActor[omni]> terminate pool DevicePoolId(name=omni)
D 11:11:55.529 [main @coroutine#2] <AppleSimulatorProvider> Terminating AppleSimulatorProvider
D 11:11:55.530 [main @coroutine#875] <c.m.m.apple.device.ConnectionFactory> Disposing of command executor for KotlinProcessHost(id=local, charset=UTF-8)
D 11:11:55.530 [main @coroutine#875] <AppleSimulatorProvider> Disposed device BCE1DF2D-4C6B-468E-9AC6-0F143386FCDE
Allure environment data saved.
Marathon run finished:
Device pool omni:
	4 passed, 0 failed, 0 ignored tests
	Flakiness overhead: 0s
	Raw: 4 passed, 0 failed, 0 ignored, 0 incomplete tests
Total time: 0H 00m 51s

I 11:11:55.734 [main] <c.m.m.exceptions.NoopExceptionsReporter> Noop exceptions reporter finished
Marathon execution finished
